ARM GAS  /tmp/ccXoLpRg.s 			page 1


   1              		.cpu cortex-m4
   2              		.eabi_attribute 27, 1
   3              		.eabi_attribute 28, 1
   4              		.eabi_attribute 20, 1
   5              		.eabi_attribute 21, 1
   6              		.eabi_attribute 23, 3
   7              		.eabi_attribute 24, 1
   8              		.eabi_attribute 25, 1
   9              		.eabi_attribute 26, 1
  10              		.eabi_attribute 30, 1
  11              		.eabi_attribute 34, 1
  12              		.eabi_attribute 18, 4
  13              		.file	"Icm207xxTransport.c"
  14              		.text
  15              	.Ltext0:
  16              		.cfi_sections	.debug_frame
  17              		.section	.text.check_reg_access_lp_disable,"ax",%progbits
  18              		.align	1
  19              		.syntax unified
  20              		.thumb
  21              		.thumb_func
  22              		.fpu fpv4-sp-d16
  24              	check_reg_access_lp_disable:
  25              	.LFB15:
  26              		.file 1 "Drivers/Invn/Devices/Drivers/Icm207xx/Icm207xxTransport.c"
   1:Drivers/Invn/Devices/Drivers/Icm207xx/Icm207xxTransport.c **** /*
   2:Drivers/Invn/Devices/Drivers/Icm207xx/Icm207xxTransport.c ****  * ________________________________________________________________________________________________
   3:Drivers/Invn/Devices/Drivers/Icm207xx/Icm207xxTransport.c ****  * Copyright (c) 2015-2015 InvenSense Inc. All rights reserved.
   4:Drivers/Invn/Devices/Drivers/Icm207xx/Icm207xxTransport.c ****  *
   5:Drivers/Invn/Devices/Drivers/Icm207xx/Icm207xxTransport.c ****  * This software, related documentation and any modifications thereto (collectively “Software”)
   6:Drivers/Invn/Devices/Drivers/Icm207xx/Icm207xxTransport.c ****  * to InvenSense and its licensors' intellectual property rights under U.S. and international copyr
   7:Drivers/Invn/Devices/Drivers/Icm207xx/Icm207xxTransport.c ****  * and other intellectual property rights laws.
   8:Drivers/Invn/Devices/Drivers/Icm207xx/Icm207xxTransport.c ****  *
   9:Drivers/Invn/Devices/Drivers/Icm207xx/Icm207xxTransport.c ****  * InvenSense and its licensors retain all intellectual property and proprietary rights in and to t
  10:Drivers/Invn/Devices/Drivers/Icm207xx/Icm207xxTransport.c ****  * and any use, reproduction, disclosure or distribution of the Software without an express license
  11:Drivers/Invn/Devices/Drivers/Icm207xx/Icm207xxTransport.c ****  * from InvenSense is strictly prohibited.
  12:Drivers/Invn/Devices/Drivers/Icm207xx/Icm207xxTransport.c ****  *
  13:Drivers/Invn/Devices/Drivers/Icm207xx/Icm207xxTransport.c ****  * EXCEPT AS OTHERWISE PROVIDED IN A LICENSE AGREEMENT BETWEEN THE PARTIES, THE SOFTWARE IS
  14:Drivers/Invn/Devices/Drivers/Icm207xx/Icm207xxTransport.c ****  * PROVIDED "AS IS", WITHOUT WARRANTY OF ANY KIND, EXPRESS OR IMPLIED, INCLUDING BUT NOT LIMITED
  15:Drivers/Invn/Devices/Drivers/Icm207xx/Icm207xxTransport.c ****  * TO THE WARRANTIES OF MERCHANTABILITY, FITNESS FOR A PARTICULAR PURPOSE AND NON-INFRINGEMENT.
  16:Drivers/Invn/Devices/Drivers/Icm207xx/Icm207xxTransport.c ****  * EXCEPT AS OTHERWISE PROVIDED IN A LICENSE AGREEMENT BETWEEN THE PARTIES, IN NO EVENT SHALL
  17:Drivers/Invn/Devices/Drivers/Icm207xx/Icm207xxTransport.c ****  * INVENSENSE BE LIABLE FOR ANY DIRECT, SPECIAL, INDIRECT, INCIDENTAL, OR CONSEQUENTIAL DAMAGES, OR
  18:Drivers/Invn/Devices/Drivers/Icm207xx/Icm207xxTransport.c ****  * DAMAGES WHATSOEVER RESULTING FROM LOSS OF USE, DATA OR PROFITS, WHETHER IN AN ACTION OF CONTRACT
  19:Drivers/Invn/Devices/Drivers/Icm207xx/Icm207xxTransport.c ****  * NEGLIGENCE OR OTHER TORTIOUS ACTION, ARISING OUT OF OR IN CONNECTION WITH THE USE OR PERFORMANCE
  20:Drivers/Invn/Devices/Drivers/Icm207xx/Icm207xxTransport.c ****  * OF THE SOFTWARE.
  21:Drivers/Invn/Devices/Drivers/Icm207xx/Icm207xxTransport.c ****  * ________________________________________________________________________________________________
  22:Drivers/Invn/Devices/Drivers/Icm207xx/Icm207xxTransport.c ****  */
  23:Drivers/Invn/Devices/Drivers/Icm207xx/Icm207xxTransport.c **** 
  24:Drivers/Invn/Devices/Drivers/Icm207xx/Icm207xxTransport.c **** #include "Icm207xxTransport.h"
  25:Drivers/Invn/Devices/Drivers/Icm207xx/Icm207xxTransport.c **** #include "Icm207xxSerif.h"
  26:Drivers/Invn/Devices/Drivers/Icm207xx/Icm207xxTransport.c **** #include "Icm207xxDefs.h"
  27:Drivers/Invn/Devices/Drivers/Icm207xx/Icm207xxTransport.c **** #include "Icm207xx.h"
  28:Drivers/Invn/Devices/Drivers/Icm207xx/Icm207xxTransport.c **** 
  29:Drivers/Invn/Devices/Drivers/Icm207xx/Icm207xxTransport.c **** int inv_icm207xx_read_reg(struct inv_icm207xx * s, uint8_t reg,	uint8_t * buf, uint32_t len)
  30:Drivers/Invn/Devices/Drivers/Icm207xx/Icm207xxTransport.c **** {
  31:Drivers/Invn/Devices/Drivers/Icm207xx/Icm207xxTransport.c **** 	return inv_icm207xx_serif_read_reg(&s->serif, reg, buf, len);
  32:Drivers/Invn/Devices/Drivers/Icm207xx/Icm207xxTransport.c **** }
ARM GAS  /tmp/ccXoLpRg.s 			page 2


  33:Drivers/Invn/Devices/Drivers/Icm207xx/Icm207xxTransport.c **** 
  34:Drivers/Invn/Devices/Drivers/Icm207xx/Icm207xxTransport.c **** int inv_icm207xx_write_reg(struct inv_icm207xx * s, uint8_t reg, const uint8_t * buf, uint32_t len)
  35:Drivers/Invn/Devices/Drivers/Icm207xx/Icm207xxTransport.c **** {
  36:Drivers/Invn/Devices/Drivers/Icm207xx/Icm207xxTransport.c **** 	return inv_icm207xx_serif_write_reg(&s->serif, reg, buf, len);
  37:Drivers/Invn/Devices/Drivers/Icm207xx/Icm207xxTransport.c **** }
  38:Drivers/Invn/Devices/Drivers/Icm207xx/Icm207xxTransport.c **** 
  39:Drivers/Invn/Devices/Drivers/Icm207xx/Icm207xxTransport.c **** // Only supported in ICM20690
  40:Drivers/Invn/Devices/Drivers/Icm207xx/Icm207xxTransport.c **** int inv_icm207xx_read_reg_ois(struct inv_icm207xx * s, uint8_t reg,	uint8_t * buf, uint32_t len)
  41:Drivers/Invn/Devices/Drivers/Icm207xx/Icm207xxTransport.c **** {
  42:Drivers/Invn/Devices/Drivers/Icm207xx/Icm207xxTransport.c **** 	return inv_icm207xx_serif_read_reg(&s->serif_ois, reg, buf, len);
  43:Drivers/Invn/Devices/Drivers/Icm207xx/Icm207xxTransport.c **** }
  44:Drivers/Invn/Devices/Drivers/Icm207xx/Icm207xxTransport.c **** 
  45:Drivers/Invn/Devices/Drivers/Icm207xx/Icm207xxTransport.c **** // Max size that can be read across I2C or SPI data lines
  46:Drivers/Invn/Devices/Drivers/Icm207xx/Icm207xxTransport.c **** #define MAX_SERIAL_READ 16
  47:Drivers/Invn/Devices/Drivers/Icm207xx/Icm207xxTransport.c **** // Max size that can be written across I2C or SPI data lines
  48:Drivers/Invn/Devices/Drivers/Icm207xx/Icm207xxTransport.c **** #define MAX_SERIAL_WRITE 16
  49:Drivers/Invn/Devices/Drivers/Icm207xx/Icm207xxTransport.c **** 
  50:Drivers/Invn/Devices/Drivers/Icm207xx/Icm207xxTransport.c **** // These regsiters are in sclk or sclk/mclk domains and
  51:Drivers/Invn/Devices/Drivers/Icm207xx/Icm207xxTransport.c **** // can be written in LP mode or sleep state
  52:Drivers/Invn/Devices/Drivers/Icm207xx/Icm207xxTransport.c **** static uint8_t check_reg_access_lp_disable(unsigned short reg)
  53:Drivers/Invn/Devices/Drivers/Icm207xx/Icm207xxTransport.c **** {
  27              		.loc 1 53 0
  28              		.cfi_startproc
  29              		@ args = 0, pretend = 0, frame = 0
  30              		@ frame_needed = 0, uses_anonymous_args = 0
  31              		@ link register save eliminated.
  32              	.LVL0:
  54:Drivers/Invn/Devices/Drivers/Icm207xx/Icm207xxTransport.c **** #if ((MEMS_CHIP == HW_ICM20602)||(MEMS_CHIP == HW_ICM20603))
  55:Drivers/Invn/Devices/Drivers/Icm207xx/Icm207xxTransport.c **** 	(void)reg;
  56:Drivers/Invn/Devices/Drivers/Icm207xx/Icm207xxTransport.c **** 	// All Athens registers are in sclk domain
  57:Drivers/Invn/Devices/Drivers/Icm207xx/Icm207xxTransport.c **** 	return 0;
  58:Drivers/Invn/Devices/Drivers/Icm207xx/Icm207xxTransport.c **** #else
  59:Drivers/Invn/Devices/Drivers/Icm207xx/Icm207xxTransport.c **** 	switch(reg){
  33              		.loc 1 59 0
  34 0000 3828     		cmp	r0, #56
  35 0002 09D8     		bhi	.L3
  36 0004 3728     		cmp	r0, #55
  37 0006 0ED2     		bcs	.L4
  38 0008 1928     		cmp	r0, #25
  39 000a 0CD0     		beq	.L4
  40 000c 02D3     		bcc	.L5
  41 000e 1D38     		subs	r0, r0, #29
  42              	.LVL1:
  43 0010 0128     		cmp	r0, #1
  44 0012 08D9     		bls	.L4
  45              	.L5:
  60:Drivers/Invn/Devices/Drivers/Icm207xx/Icm207xxTransport.c **** 		case 0x19:
  61:Drivers/Invn/Devices/Drivers/Icm207xx/Icm207xxTransport.c **** 		case 0x1D:
  62:Drivers/Invn/Devices/Drivers/Icm207xx/Icm207xxTransport.c **** 		case 0x1E:
  63:Drivers/Invn/Devices/Drivers/Icm207xx/Icm207xxTransport.c **** 		case 0x37:
  64:Drivers/Invn/Devices/Drivers/Icm207xx/Icm207xxTransport.c **** 		case 0x38:
  65:Drivers/Invn/Devices/Drivers/Icm207xx/Icm207xxTransport.c **** 		case 0x6B:
  66:Drivers/Invn/Devices/Drivers/Icm207xx/Icm207xxTransport.c **** 		case 0x6C:
  67:Drivers/Invn/Devices/Drivers/Icm207xx/Icm207xxTransport.c **** 		case 0x72:
  68:Drivers/Invn/Devices/Drivers/Icm207xx/Icm207xxTransport.c **** 		case 0x73:
  69:Drivers/Invn/Devices/Drivers/Icm207xx/Icm207xxTransport.c **** 		case 0x74:
  70:Drivers/Invn/Devices/Drivers/Icm207xx/Icm207xxTransport.c **** 			return 0;
ARM GAS  /tmp/ccXoLpRg.s 			page 3


  71:Drivers/Invn/Devices/Drivers/Icm207xx/Icm207xxTransport.c **** 		default:
  72:Drivers/Invn/Devices/Drivers/Icm207xx/Icm207xxTransport.c **** 			break;
  73:Drivers/Invn/Devices/Drivers/Icm207xx/Icm207xxTransport.c **** 	}
  74:Drivers/Invn/Devices/Drivers/Icm207xx/Icm207xxTransport.c **** 	return 1;
  46              		.loc 1 74 0
  47 0014 0120     		movs	r0, #1
  75:Drivers/Invn/Devices/Drivers/Icm207xx/Icm207xxTransport.c **** #endif
  76:Drivers/Invn/Devices/Drivers/Icm207xx/Icm207xxTransport.c **** }
  48              		.loc 1 76 0
  49 0016 7047     		bx	lr
  50              	.LVL2:
  51              	.L3:
  59:Drivers/Invn/Devices/Drivers/Icm207xx/Icm207xxTransport.c **** 		case 0x19:
  52              		.loc 1 59 0
  53 0018 6B28     		cmp	r0, #107
  54 001a FBD3     		bcc	.L5
  55 001c 6C28     		cmp	r0, #108
  56 001e 02D9     		bls	.L4
  57 0020 7238     		subs	r0, r0, #114
  58              	.LVL3:
  59 0022 0228     		cmp	r0, #2
  60 0024 F6D8     		bhi	.L5
  61              	.L4:
  70:Drivers/Invn/Devices/Drivers/Icm207xx/Icm207xxTransport.c **** 		default:
  62              		.loc 1 70 0
  63 0026 0020     		movs	r0, #0
  64 0028 7047     		bx	lr
  65              		.cfi_endproc
  66              	.LFE15:
  68              		.section	.text.inv_icm207xx_read_reg,"ax",%progbits
  69              		.align	1
  70              		.global	inv_icm207xx_read_reg
  71              		.syntax unified
  72              		.thumb
  73              		.thumb_func
  74              		.fpu fpv4-sp-d16
  76              	inv_icm207xx_read_reg:
  77              	.LFB12:
  30:Drivers/Invn/Devices/Drivers/Icm207xx/Icm207xxTransport.c **** 	return inv_icm207xx_serif_read_reg(&s->serif, reg, buf, len);
  78              		.loc 1 30 0
  79              		.cfi_startproc
  80              		@ args = 0, pretend = 0, frame = 0
  81              		@ frame_needed = 0, uses_anonymous_args = 0
  82              	.LVL4:
  83 0000 38B5     		push	{r3, r4, r5, lr}
  84              	.LCFI0:
  85              		.cfi_def_cfa_offset 16
  86              		.cfi_offset 3, -16
  87              		.cfi_offset 4, -12
  88              		.cfi_offset 5, -8
  89              		.cfi_offset 14, -4
  90              	.LVL5:
  91              	.LBB4:
  92              	.LBB5:
  93              		.file 2 "Drivers/Invn/Devices/Drivers/Icm207xx/Icm207xxSerif.h"
   1:Drivers/Invn/Devices/Drivers/Icm207xx/Icm207xxSerif.h **** /*
   2:Drivers/Invn/Devices/Drivers/Icm207xx/Icm207xxSerif.h ****  * ________________________________________________________________________________________________
ARM GAS  /tmp/ccXoLpRg.s 			page 4


   3:Drivers/Invn/Devices/Drivers/Icm207xx/Icm207xxSerif.h ****  * Copyright (c) 2015-2015 InvenSense Inc. All rights reserved.
   4:Drivers/Invn/Devices/Drivers/Icm207xx/Icm207xxSerif.h ****  *
   5:Drivers/Invn/Devices/Drivers/Icm207xx/Icm207xxSerif.h ****  * This software, related documentation and any modifications thereto (collectively “Software”)
   6:Drivers/Invn/Devices/Drivers/Icm207xx/Icm207xxSerif.h ****  * to InvenSense and its licensors' intellectual property rights under U.S. and international copyr
   7:Drivers/Invn/Devices/Drivers/Icm207xx/Icm207xxSerif.h ****  * and other intellectual property rights laws.
   8:Drivers/Invn/Devices/Drivers/Icm207xx/Icm207xxSerif.h ****  *
   9:Drivers/Invn/Devices/Drivers/Icm207xx/Icm207xxSerif.h ****  * InvenSense and its licensors retain all intellectual property and proprietary rights in and to t
  10:Drivers/Invn/Devices/Drivers/Icm207xx/Icm207xxSerif.h ****  * and any use, reproduction, disclosure or distribution of the Software without an express license
  11:Drivers/Invn/Devices/Drivers/Icm207xx/Icm207xxSerif.h ****  * from InvenSense is strictly prohibited.
  12:Drivers/Invn/Devices/Drivers/Icm207xx/Icm207xxSerif.h ****  *
  13:Drivers/Invn/Devices/Drivers/Icm207xx/Icm207xxSerif.h ****  * EXCEPT AS OTHERWISE PROVIDED IN A LICENSE AGREEMENT BETWEEN THE PARTIES, THE SOFTWARE IS
  14:Drivers/Invn/Devices/Drivers/Icm207xx/Icm207xxSerif.h ****  * PROVIDED "AS IS", WITHOUT WARRANTY OF ANY KIND, EXPRESS OR IMPLIED, INCLUDING BUT NOT LIMITED
  15:Drivers/Invn/Devices/Drivers/Icm207xx/Icm207xxSerif.h ****  * TO THE WARRANTIES OF MERCHANTABILITY, FITNESS FOR A PARTICULAR PURPOSE AND NON-INFRINGEMENT.
  16:Drivers/Invn/Devices/Drivers/Icm207xx/Icm207xxSerif.h ****  * EXCEPT AS OTHERWISE PROVIDED IN A LICENSE AGREEMENT BETWEEN THE PARTIES, IN NO EVENT SHALL
  17:Drivers/Invn/Devices/Drivers/Icm207xx/Icm207xxSerif.h ****  * INVENSENSE BE LIABLE FOR ANY DIRECT, SPECIAL, INDIRECT, INCIDENTAL, OR CONSEQUENTIAL DAMAGES, OR
  18:Drivers/Invn/Devices/Drivers/Icm207xx/Icm207xxSerif.h ****  * DAMAGES WHATSOEVER RESULTING FROM LOSS OF USE, DATA OR PROFITS, WHETHER IN AN ACTION OF CONTRACT
  19:Drivers/Invn/Devices/Drivers/Icm207xx/Icm207xxSerif.h ****  * NEGLIGENCE OR OTHER TORTIOUS ACTION, ARISING OUT OF OR IN CONNECTION WITH THE USE OR PERFORMANCE
  20:Drivers/Invn/Devices/Drivers/Icm207xx/Icm207xxSerif.h ****  * OF THE SOFTWARE.
  21:Drivers/Invn/Devices/Drivers/Icm207xx/Icm207xxSerif.h ****  * ________________________________________________________________________________________________
  22:Drivers/Invn/Devices/Drivers/Icm207xx/Icm207xxSerif.h ****  */
  23:Drivers/Invn/Devices/Drivers/Icm207xx/Icm207xxSerif.h **** 
  24:Drivers/Invn/Devices/Drivers/Icm207xx/Icm207xxSerif.h **** /** @defgroup DriverIcm207xxSerif Icm207xx driver serif
  25:Drivers/Invn/Devices/Drivers/Icm207xx/Icm207xxSerif.h ****  *  @brief Interface for low-level serial (I2C/SPI) access
  26:Drivers/Invn/Devices/Drivers/Icm207xx/Icm207xxSerif.h ****  *  @ingroup  DriverIcm207xx
  27:Drivers/Invn/Devices/Drivers/Icm207xx/Icm207xxSerif.h ****  *  @{
  28:Drivers/Invn/Devices/Drivers/Icm207xx/Icm207xxSerif.h ****  */
  29:Drivers/Invn/Devices/Drivers/Icm207xx/Icm207xxSerif.h **** 
  30:Drivers/Invn/Devices/Drivers/Icm207xx/Icm207xxSerif.h **** #ifndef _INV_ICM207XX_SERIF_H_
  31:Drivers/Invn/Devices/Drivers/Icm207xx/Icm207xxSerif.h **** #define _INV_ICM207XX_SERIF_H_
  32:Drivers/Invn/Devices/Drivers/Icm207xx/Icm207xxSerif.h **** 
  33:Drivers/Invn/Devices/Drivers/Icm207xx/Icm207xxSerif.h **** #include "Invn/InvExport.h"
  34:Drivers/Invn/Devices/Drivers/Icm207xx/Icm207xxSerif.h **** 
  35:Drivers/Invn/Devices/Drivers/Icm207xx/Icm207xxSerif.h **** #ifdef __cplusplus
  36:Drivers/Invn/Devices/Drivers/Icm207xx/Icm207xxSerif.h **** extern "C" {
  37:Drivers/Invn/Devices/Drivers/Icm207xx/Icm207xxSerif.h **** #endif
  38:Drivers/Invn/Devices/Drivers/Icm207xx/Icm207xxSerif.h **** 
  39:Drivers/Invn/Devices/Drivers/Icm207xx/Icm207xxSerif.h **** #include "Invn/InvBool.h"
  40:Drivers/Invn/Devices/Drivers/Icm207xx/Icm207xxSerif.h **** #include "Invn/InvError.h"
  41:Drivers/Invn/Devices/Drivers/Icm207xx/Icm207xxSerif.h **** 
  42:Drivers/Invn/Devices/Drivers/Icm207xx/Icm207xxSerif.h **** #include <stdint.h>
  43:Drivers/Invn/Devices/Drivers/Icm207xx/Icm207xxSerif.h **** #include <assert.h>
  44:Drivers/Invn/Devices/Drivers/Icm207xx/Icm207xxSerif.h **** 
  45:Drivers/Invn/Devices/Drivers/Icm207xx/Icm207xxSerif.h **** /** @brief basesensor serial interface
  46:Drivers/Invn/Devices/Drivers/Icm207xx/Icm207xxSerif.h ****  */
  47:Drivers/Invn/Devices/Drivers/Icm207xx/Icm207xxSerif.h **** struct inv_icm207xx_serif {
  48:Drivers/Invn/Devices/Drivers/Icm207xx/Icm207xxSerif.h **** 	void *     context;
  49:Drivers/Invn/Devices/Drivers/Icm207xx/Icm207xxSerif.h **** 	int      (*read_reg)(void * context, uint8_t reg, uint8_t * buf, uint32_t len);
  50:Drivers/Invn/Devices/Drivers/Icm207xx/Icm207xxSerif.h **** 	int      (*write_reg)(void * context, uint8_t reg, const uint8_t * buf, uint32_t len);
  51:Drivers/Invn/Devices/Drivers/Icm207xx/Icm207xxSerif.h **** 	uint32_t   max_read;
  52:Drivers/Invn/Devices/Drivers/Icm207xx/Icm207xxSerif.h **** 	uint32_t   max_write;
  53:Drivers/Invn/Devices/Drivers/Icm207xx/Icm207xxSerif.h **** 	inv_bool_t is_spi;
  54:Drivers/Invn/Devices/Drivers/Icm207xx/Icm207xxSerif.h **** };
  55:Drivers/Invn/Devices/Drivers/Icm207xx/Icm207xxSerif.h **** 
  56:Drivers/Invn/Devices/Drivers/Icm207xx/Icm207xxSerif.h **** static inline inv_bool_t inv_icm207xx_serif_is_spi(struct inv_icm207xx_serif * s)
  57:Drivers/Invn/Devices/Drivers/Icm207xx/Icm207xxSerif.h **** {
  58:Drivers/Invn/Devices/Drivers/Icm207xx/Icm207xxSerif.h **** 	assert(s);
  59:Drivers/Invn/Devices/Drivers/Icm207xx/Icm207xxSerif.h **** 
ARM GAS  /tmp/ccXoLpRg.s 			page 5


  60:Drivers/Invn/Devices/Drivers/Icm207xx/Icm207xxSerif.h **** 	return s->is_spi;
  61:Drivers/Invn/Devices/Drivers/Icm207xx/Icm207xxSerif.h **** }
  62:Drivers/Invn/Devices/Drivers/Icm207xx/Icm207xxSerif.h **** 
  63:Drivers/Invn/Devices/Drivers/Icm207xx/Icm207xxSerif.h **** static inline uint32_t inv_icm207xx_serif_max_read(struct inv_icm207xx_serif * s)
  64:Drivers/Invn/Devices/Drivers/Icm207xx/Icm207xxSerif.h **** {
  65:Drivers/Invn/Devices/Drivers/Icm207xx/Icm207xxSerif.h **** 	assert(s);
  66:Drivers/Invn/Devices/Drivers/Icm207xx/Icm207xxSerif.h **** 
  67:Drivers/Invn/Devices/Drivers/Icm207xx/Icm207xxSerif.h **** 	return s->max_read;
  68:Drivers/Invn/Devices/Drivers/Icm207xx/Icm207xxSerif.h **** }
  69:Drivers/Invn/Devices/Drivers/Icm207xx/Icm207xxSerif.h **** 
  70:Drivers/Invn/Devices/Drivers/Icm207xx/Icm207xxSerif.h **** static inline uint32_t inv_icm207xx_serif_max_write(struct inv_icm207xx_serif * s)
  71:Drivers/Invn/Devices/Drivers/Icm207xx/Icm207xxSerif.h **** {
  72:Drivers/Invn/Devices/Drivers/Icm207xx/Icm207xxSerif.h **** 	assert(s);
  73:Drivers/Invn/Devices/Drivers/Icm207xx/Icm207xxSerif.h **** 
  74:Drivers/Invn/Devices/Drivers/Icm207xx/Icm207xxSerif.h **** 	return s->max_write;
  75:Drivers/Invn/Devices/Drivers/Icm207xx/Icm207xxSerif.h **** }
  76:Drivers/Invn/Devices/Drivers/Icm207xx/Icm207xxSerif.h **** 
  77:Drivers/Invn/Devices/Drivers/Icm207xx/Icm207xxSerif.h **** static inline int inv_icm207xx_serif_read_reg(struct inv_icm207xx_serif * s,
  78:Drivers/Invn/Devices/Drivers/Icm207xx/Icm207xxSerif.h **** 		uint8_t reg, uint8_t * buf, uint32_t len)
  79:Drivers/Invn/Devices/Drivers/Icm207xx/Icm207xxSerif.h **** {
  80:Drivers/Invn/Devices/Drivers/Icm207xx/Icm207xxSerif.h **** 	assert(s);
  94              		.loc 2 80 0
  95 0002 50B1     		cbz	r0, .L11
  96 0004 0446     		mov	r4, r0
  81:Drivers/Invn/Devices/Drivers/Icm207xx/Icm207xxSerif.h **** 
  82:Drivers/Invn/Devices/Drivers/Icm207xx/Icm207xxSerif.h **** 	if(len > s->max_read)
  97              		.loc 2 82 0
  98 0006 C068     		ldr	r0, [r0, #12]
  99              	.LVL6:
 100 0008 8342     		cmp	r3, r0
 101 000a 0FD8     		bhi	.L9
  83:Drivers/Invn/Devices/Drivers/Icm207xx/Icm207xxSerif.h **** 		return INV_ERROR_SIZE;
  84:Drivers/Invn/Devices/Drivers/Icm207xx/Icm207xxSerif.h **** 
  85:Drivers/Invn/Devices/Drivers/Icm207xx/Icm207xxSerif.h **** 	if(s->read_reg(s->context, reg, buf, len) != 0)
 102              		.loc 2 85 0
 103 000c 6568     		ldr	r5, [r4, #4]
 104 000e 2068     		ldr	r0, [r4]
 105 0010 A847     		blx	r5
 106              	.LVL7:
 107 0012 0346     		mov	r3, r0
 108 0014 38B9     		cbnz	r0, .L12
 109              	.LVL8:
 110              	.L6:
 111              	.LBE5:
 112              	.LBE4:
  32:Drivers/Invn/Devices/Drivers/Icm207xx/Icm207xxTransport.c **** 
 113              		.loc 1 32 0
 114 0016 1846     		mov	r0, r3
 115 0018 38BD     		pop	{r3, r4, r5, pc}
 116              	.LVL9:
 117              	.L11:
 118              	.LBB7:
 119              	.LBB6:
  80:Drivers/Invn/Devices/Drivers/Icm207xx/Icm207xxSerif.h **** 
 120              		.loc 2 80 0
 121 001a 064B     		ldr	r3, .L13
 122              	.LVL10:
ARM GAS  /tmp/ccXoLpRg.s 			page 6


 123 001c 064A     		ldr	r2, .L13+4
 124              	.LVL11:
 125 001e 5021     		movs	r1, #80
 126              	.LVL12:
 127 0020 0648     		ldr	r0, .L13+8
 128              	.LVL13:
 129 0022 FFF7FEFF 		bl	__assert_func
 130              	.LVL14:
 131              	.L12:
  86:Drivers/Invn/Devices/Drivers/Icm207xx/Icm207xxSerif.h **** 		return INV_ERROR_TRANSPORT;
 132              		.loc 2 86 0
 133 0026 6FF00203 		mvn	r3, #2
 134 002a F4E7     		b	.L6
 135              	.LVL15:
 136              	.L9:
  83:Drivers/Invn/Devices/Drivers/Icm207xx/Icm207xxSerif.h **** 
 137              		.loc 2 83 0
 138 002c 6FF00403 		mvn	r3, #4
 139              	.LVL16:
 140              	.LBE6:
 141              	.LBE7:
  31:Drivers/Invn/Devices/Drivers/Icm207xx/Icm207xxTransport.c **** }
 142              		.loc 1 31 0
 143 0030 F1E7     		b	.L6
 144              	.L14:
 145 0032 00BF     		.align	2
 146              	.L13:
 147 0034 00000000 		.word	.LC0
 148 0038 00000000 		.word	.LANCHOR0
 149 003c 04000000 		.word	.LC1
 150              		.cfi_endproc
 151              	.LFE12:
 153              		.section	.text.inv_icm207xx_write_reg,"ax",%progbits
 154              		.align	1
 155              		.global	inv_icm207xx_write_reg
 156              		.syntax unified
 157              		.thumb
 158              		.thumb_func
 159              		.fpu fpv4-sp-d16
 161              	inv_icm207xx_write_reg:
 162              	.LFB13:
  35:Drivers/Invn/Devices/Drivers/Icm207xx/Icm207xxTransport.c **** 	return inv_icm207xx_serif_write_reg(&s->serif, reg, buf, len);
 163              		.loc 1 35 0
 164              		.cfi_startproc
 165              		@ args = 0, pretend = 0, frame = 0
 166              		@ frame_needed = 0, uses_anonymous_args = 0
 167              	.LVL17:
 168 0000 38B5     		push	{r3, r4, r5, lr}
 169              	.LCFI1:
 170              		.cfi_def_cfa_offset 16
 171              		.cfi_offset 3, -16
 172              		.cfi_offset 4, -12
 173              		.cfi_offset 5, -8
 174              		.cfi_offset 14, -4
 175              	.LVL18:
 176              	.LBB10:
 177              	.LBB11:
ARM GAS  /tmp/ccXoLpRg.s 			page 7


  87:Drivers/Invn/Devices/Drivers/Icm207xx/Icm207xxSerif.h **** 
  88:Drivers/Invn/Devices/Drivers/Icm207xx/Icm207xxSerif.h **** 	return 0;
  89:Drivers/Invn/Devices/Drivers/Icm207xx/Icm207xxSerif.h **** }
  90:Drivers/Invn/Devices/Drivers/Icm207xx/Icm207xxSerif.h **** 
  91:Drivers/Invn/Devices/Drivers/Icm207xx/Icm207xxSerif.h **** static inline int inv_icm207xx_serif_write_reg(struct inv_icm207xx_serif * s,
  92:Drivers/Invn/Devices/Drivers/Icm207xx/Icm207xxSerif.h **** 		uint8_t reg, const uint8_t * buf, uint32_t len)
  93:Drivers/Invn/Devices/Drivers/Icm207xx/Icm207xxSerif.h **** {
  94:Drivers/Invn/Devices/Drivers/Icm207xx/Icm207xxSerif.h **** 	assert(s);
 178              		.loc 2 94 0
 179 0002 50B1     		cbz	r0, .L20
 180 0004 0446     		mov	r4, r0
  95:Drivers/Invn/Devices/Drivers/Icm207xx/Icm207xxSerif.h **** 
  96:Drivers/Invn/Devices/Drivers/Icm207xx/Icm207xxSerif.h **** 	if(len > s->max_write)
 181              		.loc 2 96 0
 182 0006 0069     		ldr	r0, [r0, #16]
 183              	.LVL19:
 184 0008 8342     		cmp	r3, r0
 185 000a 0FD8     		bhi	.L18
  97:Drivers/Invn/Devices/Drivers/Icm207xx/Icm207xxSerif.h **** 		return INV_ERROR_SIZE;
  98:Drivers/Invn/Devices/Drivers/Icm207xx/Icm207xxSerif.h **** 
  99:Drivers/Invn/Devices/Drivers/Icm207xx/Icm207xxSerif.h **** 	if(s->write_reg(s->context, reg, buf, len) != 0)
 186              		.loc 2 99 0
 187 000c A568     		ldr	r5, [r4, #8]
 188 000e 2068     		ldr	r0, [r4]
 189 0010 A847     		blx	r5
 190              	.LVL20:
 191 0012 0346     		mov	r3, r0
 192 0014 38B9     		cbnz	r0, .L21
 193              	.LVL21:
 194              	.L15:
 195              	.LBE11:
 196              	.LBE10:
  37:Drivers/Invn/Devices/Drivers/Icm207xx/Icm207xxTransport.c **** 
 197              		.loc 1 37 0
 198 0016 1846     		mov	r0, r3
 199 0018 38BD     		pop	{r3, r4, r5, pc}
 200              	.LVL22:
 201              	.L20:
 202              	.LBB13:
 203              	.LBB12:
  94:Drivers/Invn/Devices/Drivers/Icm207xx/Icm207xxSerif.h **** 
 204              		.loc 2 94 0
 205 001a 064B     		ldr	r3, .L22
 206              	.LVL23:
 207 001c 064A     		ldr	r2, .L22+4
 208              	.LVL24:
 209 001e 5E21     		movs	r1, #94
 210              	.LVL25:
 211 0020 0648     		ldr	r0, .L22+8
 212              	.LVL26:
 213 0022 FFF7FEFF 		bl	__assert_func
 214              	.LVL27:
 215              	.L21:
 100:Drivers/Invn/Devices/Drivers/Icm207xx/Icm207xxSerif.h **** 		return INV_ERROR_TRANSPORT;
 216              		.loc 2 100 0
 217 0026 6FF00203 		mvn	r3, #2
 218 002a F4E7     		b	.L15
ARM GAS  /tmp/ccXoLpRg.s 			page 8


 219              	.LVL28:
 220              	.L18:
  97:Drivers/Invn/Devices/Drivers/Icm207xx/Icm207xxSerif.h **** 
 221              		.loc 2 97 0
 222 002c 6FF00403 		mvn	r3, #4
 223              	.LVL29:
 224              	.LBE12:
 225              	.LBE13:
  36:Drivers/Invn/Devices/Drivers/Icm207xx/Icm207xxTransport.c **** }
 226              		.loc 1 36 0
 227 0030 F1E7     		b	.L15
 228              	.L23:
 229 0032 00BF     		.align	2
 230              	.L22:
 231 0034 00000000 		.word	.LC0
 232 0038 00000000 		.word	.LANCHOR1
 233 003c 04000000 		.word	.LC1
 234              		.cfi_endproc
 235              	.LFE13:
 237              		.section	.text.inv_icm207xx_read_reg_ois,"ax",%progbits
 238              		.align	1
 239              		.global	inv_icm207xx_read_reg_ois
 240              		.syntax unified
 241              		.thumb
 242              		.thumb_func
 243              		.fpu fpv4-sp-d16
 245              	inv_icm207xx_read_reg_ois:
 246              	.LFB14:
  41:Drivers/Invn/Devices/Drivers/Icm207xx/Icm207xxTransport.c **** 	return inv_icm207xx_serif_read_reg(&s->serif_ois, reg, buf, len);
 247              		.loc 1 41 0
 248              		.cfi_startproc
 249              		@ args = 0, pretend = 0, frame = 0
 250              		@ frame_needed = 0, uses_anonymous_args = 0
 251              	.LVL30:
 252 0000 38B5     		push	{r3, r4, r5, lr}
 253              	.LCFI2:
 254              		.cfi_def_cfa_offset 16
 255              		.cfi_offset 3, -16
 256              		.cfi_offset 4, -12
 257              		.cfi_offset 5, -8
 258              		.cfi_offset 14, -4
 259              	.LVL31:
 260              	.LBB16:
 261              	.LBB17:
  80:Drivers/Invn/Devices/Drivers/Icm207xx/Icm207xxSerif.h **** 
 262              		.loc 2 80 0
 263 0002 10F11804 		adds	r4, r0, #24
 264              	.LVL32:
 265 0006 09D0     		beq	.L29
  82:Drivers/Invn/Devices/Drivers/Icm207xx/Icm207xxSerif.h **** 		return INV_ERROR_SIZE;
 266              		.loc 2 82 0
 267 0008 E568     		ldr	r5, [r4, #12]
 268 000a AB42     		cmp	r3, r5
 269 000c 0FD8     		bhi	.L27
  85:Drivers/Invn/Devices/Drivers/Icm207xx/Icm207xxSerif.h **** 		return INV_ERROR_TRANSPORT;
 270              		.loc 2 85 0
 271 000e 6468     		ldr	r4, [r4, #4]
ARM GAS  /tmp/ccXoLpRg.s 			page 9


 272              	.LVL33:
 273 0010 8069     		ldr	r0, [r0, #24]
 274              	.LVL34:
 275 0012 A047     		blx	r4
 276              	.LVL35:
 277 0014 0346     		mov	r3, r0
 278 0016 38B9     		cbnz	r0, .L30
 279              	.LVL36:
 280              	.L24:
 281              	.LBE17:
 282              	.LBE16:
  43:Drivers/Invn/Devices/Drivers/Icm207xx/Icm207xxTransport.c **** 
 283              		.loc 1 43 0
 284 0018 1846     		mov	r0, r3
 285 001a 38BD     		pop	{r3, r4, r5, pc}
 286              	.LVL37:
 287              	.L29:
 288              	.LBB19:
 289              	.LBB18:
  80:Drivers/Invn/Devices/Drivers/Icm207xx/Icm207xxSerif.h **** 
 290              		.loc 2 80 0
 291 001c 054B     		ldr	r3, .L31
 292              	.LVL38:
 293 001e 064A     		ldr	r2, .L31+4
 294              	.LVL39:
 295 0020 5021     		movs	r1, #80
 296              	.LVL40:
 297 0022 0648     		ldr	r0, .L31+8
 298              	.LVL41:
 299 0024 FFF7FEFF 		bl	__assert_func
 300              	.LVL42:
 301              	.L30:
  86:Drivers/Invn/Devices/Drivers/Icm207xx/Icm207xxSerif.h **** 
 302              		.loc 2 86 0
 303 0028 6FF00203 		mvn	r3, #2
 304 002c F4E7     		b	.L24
 305              	.LVL43:
 306              	.L27:
  83:Drivers/Invn/Devices/Drivers/Icm207xx/Icm207xxSerif.h **** 
 307              		.loc 2 83 0
 308 002e 6FF00403 		mvn	r3, #4
 309              	.LVL44:
 310              	.LBE18:
 311              	.LBE19:
  42:Drivers/Invn/Devices/Drivers/Icm207xx/Icm207xxTransport.c **** }
 312              		.loc 1 42 0
 313 0032 F1E7     		b	.L24
 314              	.L32:
 315              		.align	2
 316              	.L31:
 317 0034 00000000 		.word	.LC0
 318 0038 00000000 		.word	.LANCHOR0
 319 003c 04000000 		.word	.LC1
 320              		.cfi_endproc
 321              	.LFE14:
 323              		.section	.text.inv_icm207xx_mems_write_reg,"ax",%progbits
 324              		.align	1
ARM GAS  /tmp/ccXoLpRg.s 			page 10


 325              		.global	inv_icm207xx_mems_write_reg
 326              		.syntax unified
 327              		.thumb
 328              		.thumb_func
 329              		.fpu fpv4-sp-d16
 331              	inv_icm207xx_mems_write_reg:
 332              	.LFB16:
  77:Drivers/Invn/Devices/Drivers/Icm207xx/Icm207xxTransport.c **** 
  78:Drivers/Invn/Devices/Drivers/Icm207xx/Icm207xxTransport.c **** 
  79:Drivers/Invn/Devices/Drivers/Icm207xx/Icm207xxTransport.c **** /* the following functions are used for configuring the secondary devices */
  80:Drivers/Invn/Devices/Drivers/Icm207xx/Icm207xxTransport.c **** 
  81:Drivers/Invn/Devices/Drivers/Icm207xx/Icm207xxTransport.c **** int inv_icm207xx_mems_write_reg(struct inv_icm207xx * s, uint16_t reg, uint32_t length, const uint8
  82:Drivers/Invn/Devices/Drivers/Icm207xx/Icm207xxTransport.c **** {
 333              		.loc 1 82 0
 334              		.cfi_startproc
 335              		@ args = 0, pretend = 0, frame = 8
 336              		@ frame_needed = 0, uses_anonymous_args = 0
 337              	.LVL45:
 338 0000 2DE9F04F 		push	{r4, r5, r6, r7, r8, r9, r10, fp, lr}
 339              	.LCFI3:
 340              		.cfi_def_cfa_offset 36
 341              		.cfi_offset 4, -36
 342              		.cfi_offset 5, -32
 343              		.cfi_offset 6, -28
 344              		.cfi_offset 7, -24
 345              		.cfi_offset 8, -20
 346              		.cfi_offset 9, -16
 347              		.cfi_offset 10, -12
 348              		.cfi_offset 11, -8
 349              		.cfi_offset 14, -4
 350 0004 83B0     		sub	sp, sp, #12
 351              	.LCFI4:
 352              		.cfi_def_cfa_offset 48
 353 0006 0090     		str	r0, [sp]
 354 0008 0C46     		mov	r4, r1
 355 000a 0191     		str	r1, [sp, #4]
 356 000c 1746     		mov	r7, r2
 357 000e 9A46     		mov	r10, r3
 358              	.LVL46:
  83:Drivers/Invn/Devices/Drivers/Icm207xx/Icm207xxTransport.c ****     int result = 0;
  84:Drivers/Invn/Devices/Drivers/Icm207xx/Icm207xxTransport.c **** 	uint32_t bytesWrite = 0;
  85:Drivers/Invn/Devices/Drivers/Icm207xx/Icm207xxTransport.c ****     const uint8_t regOnly = (uint8_t)(reg & 0x7F);
 359              		.loc 1 85 0
 360 0010 01F07F09 		and	r9, r1, #127
 361              	.LVL47:
  86:Drivers/Invn/Devices/Drivers/Icm207xx/Icm207xxTransport.c **** 
  87:Drivers/Invn/Devices/Drivers/Icm207xx/Icm207xxTransport.c ****     const uint8_t orig_power_state = inv_icm207xx_get_chip_power_state(s);
 362              		.loc 1 87 0
 363 0014 FFF7FEFF 		bl	inv_icm207xx_get_chip_power_state
 364              	.LVL48:
 365 0018 8346     		mov	fp, r0
 366              	.LVL49:
  88:Drivers/Invn/Devices/Drivers/Icm207xx/Icm207xxTransport.c **** 
  89:Drivers/Invn/Devices/Drivers/Icm207xx/Icm207xxTransport.c **** 	if((orig_power_state & CHIP_AWAKE) == 0) {
 367              		.loc 1 89 0
 368 001a 10F00108 		ands	r8, r0, #1
 369 001e 0CD1     		bne	.L40
ARM GAS  /tmp/ccXoLpRg.s 			page 11


  90:Drivers/Invn/Devices/Drivers/Icm207xx/Icm207xxTransport.c **** 		// Wake up chip since it is asleep
  91:Drivers/Invn/Devices/Drivers/Icm207xx/Icm207xxTransport.c **** 		if(check_reg_access_lp_disable(reg))    // Check if register needs to be awake
 370              		.loc 1 91 0
 371 0020 2046     		mov	r0, r4
 372              	.LVL50:
 373 0022 FFF7FEFF 		bl	check_reg_access_lp_disable
 374              	.LVL51:
 375 0026 08B9     		cbnz	r0, .L44
  83:Drivers/Invn/Devices/Drivers/Icm207xx/Icm207xxTransport.c **** 	uint32_t bytesWrite = 0;
 376              		.loc 1 83 0
 377 0028 0026     		movs	r6, #0
 378 002a 07E0     		b	.L34
 379              	.L44:
  92:Drivers/Invn/Devices/Drivers/Icm207xx/Icm207xxTransport.c **** 			result = inv_icm207xx_set_chip_power_state(s, CHIP_AWAKE, 1);
 380              		.loc 1 92 0
 381 002c 0122     		movs	r2, #1
 382 002e 1146     		mov	r1, r2
 383 0030 0098     		ldr	r0, [sp]
 384 0032 FFF7FEFF 		bl	inv_icm207xx_set_chip_power_state
 385              	.LVL52:
 386 0036 0646     		mov	r6, r0
 387              	.LVL53:
 388 0038 00E0     		b	.L34
 389              	.LVL54:
 390              	.L40:
  83:Drivers/Invn/Devices/Drivers/Icm207xx/Icm207xxTransport.c **** 	uint32_t bytesWrite = 0;
 391              		.loc 1 83 0
 392 003a 0026     		movs	r6, #0
 393              	.LVL55:
 394              	.L34:
  93:Drivers/Invn/Devices/Drivers/Icm207xx/Icm207xxTransport.c **** 	}
  94:Drivers/Invn/Devices/Drivers/Icm207xx/Icm207xxTransport.c **** 
  95:Drivers/Invn/Devices/Drivers/Icm207xx/Icm207xxTransport.c **** 	if((orig_power_state & CHIP_LP_ENABLE) != 0) {
 395              		.loc 1 95 0
 396 003c 1BF0020B 		ands	fp, fp, #2
 397 0040 03D0     		beq	.L35
  96:Drivers/Invn/Devices/Drivers/Icm207xx/Icm207xxTransport.c **** 		if(check_reg_access_lp_disable(reg))    // Check if register needs LP_EN to be disabled
 398              		.loc 1 96 0
 399 0042 0198     		ldr	r0, [sp, #4]
 400 0044 FFF7FEFF 		bl	check_reg_access_lp_disable
 401              	.LVL56:
 402 0048 98B9     		cbnz	r0, .L45
 403              	.L35:
  83:Drivers/Invn/Devices/Drivers/Icm207xx/Icm207xxTransport.c **** 	uint32_t bytesWrite = 0;
 404              		.loc 1 83 0
 405 004a 0024     		movs	r4, #0
 406              	.LVL57:
 407              	.L37:
  97:Drivers/Invn/Devices/Drivers/Icm207xx/Icm207xxTransport.c **** 			result |= inv_icm207xx_set_chip_power_state(s, CHIP_LP_ENABLE, 0);   // Disable LP_EN
  98:Drivers/Invn/Devices/Drivers/Icm207xx/Icm207xxTransport.c **** 	}
  99:Drivers/Invn/Devices/Drivers/Icm207xx/Icm207xxTransport.c **** 
 100:Drivers/Invn/Devices/Drivers/Icm207xx/Icm207xxTransport.c **** 	while (bytesWrite<length)
 408              		.loc 1 100 0
 409 004c BC42     		cmp	r4, r7
 410 004e 17D2     		bcs	.L46
 411              	.LBB20:
 101:Drivers/Invn/Devices/Drivers/Icm207xx/Icm207xxTransport.c **** 	{
ARM GAS  /tmp/ccXoLpRg.s 			page 12


 102:Drivers/Invn/Devices/Drivers/Icm207xx/Icm207xxTransport.c **** 		int thisLen = INV_MIN(MAX_SERIAL_WRITE, length-bytesWrite);
 412              		.loc 1 102 0
 413 0050 3D1B     		subs	r5, r7, r4
 414 0052 102D     		cmp	r5, #16
 415 0054 28BF     		it	cs
 416 0056 1025     		movcs	r5, #16
 417              	.LVL58:
 103:Drivers/Invn/Devices/Drivers/Icm207xx/Icm207xxTransport.c **** 
 104:Drivers/Invn/Devices/Drivers/Icm207xx/Icm207xxTransport.c **** 		result |= inv_icm207xx_write_reg(s, regOnly+bytesWrite, &data[bytesWrite], thisLen);
 418              		.loc 1 104 0
 419 0058 09EB0401 		add	r1, r9, r4
 420 005c 2B46     		mov	r3, r5
 421 005e 0AEB0402 		add	r2, r10, r4
 422 0062 C9B2     		uxtb	r1, r1
 423 0064 0098     		ldr	r0, [sp]
 424 0066 FFF7FEFF 		bl	inv_icm207xx_write_reg
 425              	.LVL59:
 105:Drivers/Invn/Devices/Drivers/Icm207xx/Icm207xxTransport.c **** 
 106:Drivers/Invn/Devices/Drivers/Icm207xx/Icm207xxTransport.c **** 		if (result)
 426              		.loc 1 106 0
 427 006a 0643     		orrs	r6, r6, r0
 428              	.LVL60:
 429 006c 16D1     		bne	.L33
 107:Drivers/Invn/Devices/Drivers/Icm207xx/Icm207xxTransport.c **** 			return result;
 108:Drivers/Invn/Devices/Drivers/Icm207xx/Icm207xxTransport.c **** 
 109:Drivers/Invn/Devices/Drivers/Icm207xx/Icm207xxTransport.c **** 		bytesWrite += thisLen;
 430              		.loc 1 109 0
 431 006e 2C44     		add	r4, r4, r5
 432              	.LVL61:
 433 0070 ECE7     		b	.L37
 434              	.LVL62:
 435              	.L45:
 436              	.LBE20:
  97:Drivers/Invn/Devices/Drivers/Icm207xx/Icm207xxTransport.c **** 	}
 437              		.loc 1 97 0
 438 0072 0022     		movs	r2, #0
 439 0074 0221     		movs	r1, #2
 440 0076 0098     		ldr	r0, [sp]
 441 0078 FFF7FEFF 		bl	inv_icm207xx_set_chip_power_state
 442              	.LVL63:
 443 007c 0643     		orrs	r6, r6, r0
 444              	.LVL64:
 445 007e E4E7     		b	.L35
 446              	.LVL65:
 447              	.L46:
 110:Drivers/Invn/Devices/Drivers/Icm207xx/Icm207xxTransport.c **** 	}
 111:Drivers/Invn/Devices/Drivers/Icm207xx/Icm207xxTransport.c **** 
 112:Drivers/Invn/Devices/Drivers/Icm207xx/Icm207xxTransport.c ****     // Put the chip back to LP mode if it was enabled originally
 113:Drivers/Invn/Devices/Drivers/Icm207xx/Icm207xxTransport.c **** 	if((orig_power_state & CHIP_LP_ENABLE) != 0) {
 448              		.loc 1 113 0
 449 0080 BBF1000F 		cmp	fp, #0
 450 0084 03D0     		beq	.L39
 114:Drivers/Invn/Devices/Drivers/Icm207xx/Icm207xxTransport.c **** 		if(check_reg_access_lp_disable(reg))    // Check if register needs LP_EN to be disabled
 451              		.loc 1 114 0
 452 0086 0198     		ldr	r0, [sp, #4]
 453 0088 FFF7FEFF 		bl	check_reg_access_lp_disable
 454              	.LVL66:
ARM GAS  /tmp/ccXoLpRg.s 			page 13


 455 008c 50B9     		cbnz	r0, .L47
 456              	.L39:
 115:Drivers/Invn/Devices/Drivers/Icm207xx/Icm207xxTransport.c **** 			result |= inv_icm207xx_set_chip_power_state(s, CHIP_LP_ENABLE, 1);   // Enable LP_EN
 116:Drivers/Invn/Devices/Drivers/Icm207xx/Icm207xxTransport.c **** 	}
 117:Drivers/Invn/Devices/Drivers/Icm207xx/Icm207xxTransport.c **** 
 118:Drivers/Invn/Devices/Drivers/Icm207xx/Icm207xxTransport.c ****     // Put the chip back to sleep if it was asleep originally
 119:Drivers/Invn/Devices/Drivers/Icm207xx/Icm207xxTransport.c **** 	if((orig_power_state & CHIP_AWAKE) == 0) {
 457              		.loc 1 119 0
 458 008e B8F1000F 		cmp	r8, #0
 459 0092 03D1     		bne	.L33
 120:Drivers/Invn/Devices/Drivers/Icm207xx/Icm207xxTransport.c **** 		if(check_reg_access_lp_disable(reg))    // Check if register needs to be awake
 460              		.loc 1 120 0
 461 0094 0198     		ldr	r0, [sp, #4]
 462 0096 FFF7FEFF 		bl	check_reg_access_lp_disable
 463              	.LVL67:
 464 009a 50B9     		cbnz	r0, .L48
 465              	.LVL68:
 466              	.L33:
 121:Drivers/Invn/Devices/Drivers/Icm207xx/Icm207xxTransport.c **** 			result |= inv_icm207xx_set_chip_power_state(s, CHIP_AWAKE, 0);
 122:Drivers/Invn/Devices/Drivers/Icm207xx/Icm207xxTransport.c **** 	}
 123:Drivers/Invn/Devices/Drivers/Icm207xx/Icm207xxTransport.c **** 
 124:Drivers/Invn/Devices/Drivers/Icm207xx/Icm207xxTransport.c **** 	return result;
 125:Drivers/Invn/Devices/Drivers/Icm207xx/Icm207xxTransport.c **** }
 467              		.loc 1 125 0
 468 009c 3046     		mov	r0, r6
 469 009e 03B0     		add	sp, sp, #12
 470              	.LCFI5:
 471              		.cfi_remember_state
 472              		.cfi_def_cfa_offset 36
 473              	.LVL69:
 474              		@ sp needed
 475 00a0 BDE8F08F 		pop	{r4, r5, r6, r7, r8, r9, r10, fp, pc}
 476              	.LVL70:
 477              	.L47:
 478              	.LCFI6:
 479              		.cfi_restore_state
 115:Drivers/Invn/Devices/Drivers/Icm207xx/Icm207xxTransport.c **** 	}
 480              		.loc 1 115 0
 481 00a4 0122     		movs	r2, #1
 482 00a6 0221     		movs	r1, #2
 483 00a8 0098     		ldr	r0, [sp]
 484 00aa FFF7FEFF 		bl	inv_icm207xx_set_chip_power_state
 485              	.LVL71:
 486 00ae 0643     		orrs	r6, r6, r0
 487              	.LVL72:
 488 00b0 EDE7     		b	.L39
 489              	.L48:
 121:Drivers/Invn/Devices/Drivers/Icm207xx/Icm207xxTransport.c **** 			result |= inv_icm207xx_set_chip_power_state(s, CHIP_AWAKE, 0);
 490              		.loc 1 121 0
 491 00b2 0022     		movs	r2, #0
 492 00b4 0121     		movs	r1, #1
 493 00b6 0098     		ldr	r0, [sp]
 494 00b8 FFF7FEFF 		bl	inv_icm207xx_set_chip_power_state
 495              	.LVL73:
 496 00bc 0643     		orrs	r6, r6, r0
 497              	.LVL74:
 498 00be EDE7     		b	.L33
ARM GAS  /tmp/ccXoLpRg.s 			page 14


 499              		.cfi_endproc
 500              	.LFE16:
 502              		.section	.text.inv_icm207xx_mems_write_reg_one,"ax",%progbits
 503              		.align	1
 504              		.global	inv_icm207xx_mems_write_reg_one
 505              		.syntax unified
 506              		.thumb
 507              		.thumb_func
 508              		.fpu fpv4-sp-d16
 510              	inv_icm207xx_mems_write_reg_one:
 511              	.LFB17:
 126:Drivers/Invn/Devices/Drivers/Icm207xx/Icm207xxTransport.c **** 
 127:Drivers/Invn/Devices/Drivers/Icm207xx/Icm207xxTransport.c **** int inv_icm207xx_mems_write_reg_one(struct inv_icm207xx * s, uint16_t reg, uint8_t data)
 128:Drivers/Invn/Devices/Drivers/Icm207xx/Icm207xxTransport.c **** {
 512              		.loc 1 128 0
 513              		.cfi_startproc
 514              		@ args = 0, pretend = 0, frame = 8
 515              		@ frame_needed = 0, uses_anonymous_args = 0
 516              	.LVL75:
 517 0000 10B5     		push	{r4, lr}
 518              	.LCFI7:
 519              		.cfi_def_cfa_offset 8
 520              		.cfi_offset 4, -8
 521              		.cfi_offset 14, -4
 522 0002 82B0     		sub	sp, sp, #8
 523              	.LCFI8:
 524              		.cfi_def_cfa_offset 16
 525 0004 02AC     		add	r4, sp, #8
 526 0006 04F8012D 		strb	r2, [r4, #-1]!
 527              	.LVL76:
 129:Drivers/Invn/Devices/Drivers/Icm207xx/Icm207xxTransport.c **** 	const uint8_t regOnly = (uint8_t)(reg & 0x7F);
 130:Drivers/Invn/Devices/Drivers/Icm207xx/Icm207xxTransport.c **** 
 131:Drivers/Invn/Devices/Drivers/Icm207xx/Icm207xxTransport.c **** 	return inv_icm207xx_write_reg(s, regOnly, &data, 1);
 528              		.loc 1 131 0
 529 000a 0123     		movs	r3, #1
 530 000c 2246     		mov	r2, r4
 531              	.LVL77:
 532 000e 01F07F01 		and	r1, r1, #127
 533              	.LVL78:
 534 0012 FFF7FEFF 		bl	inv_icm207xx_write_reg
 535              	.LVL79:
 132:Drivers/Invn/Devices/Drivers/Icm207xx/Icm207xxTransport.c **** }
 536              		.loc 1 132 0
 537 0016 02B0     		add	sp, sp, #8
 538              	.LCFI9:
 539              		.cfi_def_cfa_offset 8
 540              		@ sp needed
 541 0018 10BD     		pop	{r4, pc}
 542              		.cfi_endproc
 543              	.LFE17:
 545              		.section	.text.inv_icm207xx_mems_read_reg,"ax",%progbits
 546              		.align	1
 547              		.global	inv_icm207xx_mems_read_reg
 548              		.syntax unified
 549              		.thumb
 550              		.thumb_func
 551              		.fpu fpv4-sp-d16
ARM GAS  /tmp/ccXoLpRg.s 			page 15


 553              	inv_icm207xx_mems_read_reg:
 554              	.LFB18:
 133:Drivers/Invn/Devices/Drivers/Icm207xx/Icm207xxTransport.c **** 
 134:Drivers/Invn/Devices/Drivers/Icm207xx/Icm207xxTransport.c **** int inv_icm207xx_mems_read_reg(struct inv_icm207xx * s, uint16_t reg, uint32_t length, uint8_t *dat
 135:Drivers/Invn/Devices/Drivers/Icm207xx/Icm207xxTransport.c **** {
 555              		.loc 1 135 0
 556              		.cfi_startproc
 557              		@ args = 0, pretend = 0, frame = 0
 558              		@ frame_needed = 0, uses_anonymous_args = 0
 559              	.LVL80:
 560 0000 2DE9F047 		push	{r4, r5, r6, r7, r8, r9, r10, lr}
 561              	.LCFI10:
 562              		.cfi_def_cfa_offset 32
 563              		.cfi_offset 4, -32
 564              		.cfi_offset 5, -28
 565              		.cfi_offset 6, -24
 566              		.cfi_offset 7, -20
 567              		.cfi_offset 8, -16
 568              		.cfi_offset 9, -12
 569              		.cfi_offset 10, -8
 570              		.cfi_offset 14, -4
 571 0004 8246     		mov	r10, r0
 572 0006 1746     		mov	r7, r2
 573 0008 9946     		mov	r9, r3
 574              	.LVL81:
 136:Drivers/Invn/Devices/Drivers/Icm207xx/Icm207xxTransport.c **** 	int result = 0;
 137:Drivers/Invn/Devices/Drivers/Icm207xx/Icm207xxTransport.c **** 	uint32_t bytesRead = 0;
 138:Drivers/Invn/Devices/Drivers/Icm207xx/Icm207xxTransport.c **** 	const uint8_t regOnly = (uint8_t)(reg & 0x7F);
 575              		.loc 1 138 0
 576 000a 01F07F08 		and	r8, r1, #127
 577              	.LVL82:
 137:Drivers/Invn/Devices/Drivers/Icm207xx/Icm207xxTransport.c **** 	const uint8_t regOnly = (uint8_t)(reg & 0x7F);
 578              		.loc 1 137 0
 579 000e 0024     		movs	r4, #0
 136:Drivers/Invn/Devices/Drivers/Icm207xx/Icm207xxTransport.c **** 	int result = 0;
 580              		.loc 1 136 0
 581 0010 2646     		mov	r6, r4
 582              	.LVL83:
 583              	.L52:
 139:Drivers/Invn/Devices/Drivers/Icm207xx/Icm207xxTransport.c **** 
 140:Drivers/Invn/Devices/Drivers/Icm207xx/Icm207xxTransport.c **** 	while(bytesRead<length) {
 584              		.loc 1 140 0
 585 0012 BC42     		cmp	r4, r7
 586 0014 10D2     		bcs	.L51
 587              	.LBB21:
 141:Drivers/Invn/Devices/Drivers/Icm207xx/Icm207xxTransport.c **** 		int thisLen = INV_MIN(MAX_SERIAL_READ, length-bytesRead);
 588              		.loc 1 141 0
 589 0016 3D1B     		subs	r5, r7, r4
 590 0018 102D     		cmp	r5, #16
 591 001a 28BF     		it	cs
 592 001c 1025     		movcs	r5, #16
 593              	.LVL84:
 142:Drivers/Invn/Devices/Drivers/Icm207xx/Icm207xxTransport.c **** 
 143:Drivers/Invn/Devices/Drivers/Icm207xx/Icm207xxTransport.c **** 		result |= inv_icm207xx_read_reg(s, regOnly+bytesRead, &data[bytesRead], thisLen);
 594              		.loc 1 143 0
 595 001e 08EB0401 		add	r1, r8, r4
 596 0022 2B46     		mov	r3, r5
ARM GAS  /tmp/ccXoLpRg.s 			page 16


 597 0024 09EB0402 		add	r2, r9, r4
 598 0028 C9B2     		uxtb	r1, r1
 599 002a 5046     		mov	r0, r10
 600 002c FFF7FEFF 		bl	inv_icm207xx_read_reg
 601              	.LVL85:
 144:Drivers/Invn/Devices/Drivers/Icm207xx/Icm207xxTransport.c **** 
 145:Drivers/Invn/Devices/Drivers/Icm207xx/Icm207xxTransport.c **** 		if (result)
 602              		.loc 1 145 0
 603 0030 0643     		orrs	r6, r6, r0
 604              	.LVL86:
 605 0032 01D1     		bne	.L51
 146:Drivers/Invn/Devices/Drivers/Icm207xx/Icm207xxTransport.c **** 		return result;
 147:Drivers/Invn/Devices/Drivers/Icm207xx/Icm207xxTransport.c **** 
 148:Drivers/Invn/Devices/Drivers/Icm207xx/Icm207xxTransport.c **** 		bytesRead += thisLen;
 606              		.loc 1 148 0
 607 0034 2C44     		add	r4, r4, r5
 608              	.LVL87:
 609 0036 ECE7     		b	.L52
 610              	.LVL88:
 611              	.L51:
 612              	.LBE21:
 149:Drivers/Invn/Devices/Drivers/Icm207xx/Icm207xxTransport.c **** 	}
 150:Drivers/Invn/Devices/Drivers/Icm207xx/Icm207xxTransport.c **** 
 151:Drivers/Invn/Devices/Drivers/Icm207xx/Icm207xxTransport.c **** 	return result;
 152:Drivers/Invn/Devices/Drivers/Icm207xx/Icm207xxTransport.c **** }
 613              		.loc 1 152 0
 614 0038 3046     		mov	r0, r6
 615 003a BDE8F087 		pop	{r4, r5, r6, r7, r8, r9, r10, pc}
 616              		.cfi_endproc
 617              	.LFE18:
 619              		.section	.rodata.__func__.5542,"a",%progbits
 620              		.align	2
 621              		.set	.LANCHOR0,. + 0
 624              	__func__.5542:
 625 0000 696E765F 		.ascii	"inv_icm207xx_serif_read_reg\000"
 625      69636D32 
 625      30377878 
 625      5F736572 
 625      69665F72 
 626              		.section	.rodata.__func__.5549,"a",%progbits
 627              		.align	2
 628              		.set	.LANCHOR1,. + 0
 631              	__func__.5549:
 632 0000 696E765F 		.ascii	"inv_icm207xx_serif_write_reg\000"
 632      69636D32 
 632      30377878 
 632      5F736572 
 632      69665F77 
 633              		.section	.rodata.inv_icm207xx_read_reg.str1.4,"aMS",%progbits,1
 634              		.align	2
 635              	.LC0:
 636 0000 7300     		.ascii	"s\000"
 637 0002 0000     		.space	2
 638              	.LC1:
 639 0004 44726976 		.ascii	"Drivers/Invn/Devices/Drivers/Icm207xx/Icm207xxSerif"
 639      6572732F 
 639      496E766E 
ARM GAS  /tmp/ccXoLpRg.s 			page 17


 639      2F446576 
 639      69636573 
 640 0037 2E6800   		.ascii	".h\000"
 641              		.text
 642              	.Letext0:
 643              		.file 3 "/mnt/NData/Softwares/gcc-arm-none-eabi-7-2018-q2-update/arm-none-eabi/include/machine/_de
 644              		.file 4 "/mnt/NData/Softwares/gcc-arm-none-eabi-7-2018-q2-update/arm-none-eabi/include/sys/_stdint
 645              		.file 5 "Drivers/Invn/InvBool.h"
 646              		.file 6 "/mnt/NData/Softwares/gcc-arm-none-eabi-7-2018-q2-update/arm-none-eabi/include/sys/lock.h"
 647              		.file 7 "/mnt/NData/Softwares/gcc-arm-none-eabi-7-2018-q2-update/arm-none-eabi/include/sys/_types.
 648              		.file 8 "/mnt/NData/Softwares/gcc-arm-none-eabi-7-2018-q2-update/lib/gcc/arm-none-eabi/7.3.1/inclu
 649              		.file 9 "/mnt/NData/Softwares/gcc-arm-none-eabi-7-2018-q2-update/arm-none-eabi/include/sys/reent.h
 650              		.file 10 "Drivers/Invn/Devices/Drivers/Icm207xx/Icm207xx.h"
 651              		.file 11 "Drivers/Invn/Devices/Drivers/Icm207xx/Icm207xxSetup.h"
 652              		.file 12 "/mnt/NData/Softwares/gcc-arm-none-eabi-7-2018-q2-update/arm-none-eabi/include/assert.h"
 653              		.file 13 "Drivers/Invn/InvError.h"
ARM GAS  /tmp/ccXoLpRg.s 			page 18


DEFINED SYMBOLS
                            *ABS*:0000000000000000 Icm207xxTransport.c
     /tmp/ccXoLpRg.s:18     .text.check_reg_access_lp_disable:0000000000000000 $t
     /tmp/ccXoLpRg.s:24     .text.check_reg_access_lp_disable:0000000000000000 check_reg_access_lp_disable
     /tmp/ccXoLpRg.s:69     .text.inv_icm207xx_read_reg:0000000000000000 $t
     /tmp/ccXoLpRg.s:76     .text.inv_icm207xx_read_reg:0000000000000000 inv_icm207xx_read_reg
     /tmp/ccXoLpRg.s:147    .text.inv_icm207xx_read_reg:0000000000000034 $d
     /tmp/ccXoLpRg.s:154    .text.inv_icm207xx_write_reg:0000000000000000 $t
     /tmp/ccXoLpRg.s:161    .text.inv_icm207xx_write_reg:0000000000000000 inv_icm207xx_write_reg
     /tmp/ccXoLpRg.s:231    .text.inv_icm207xx_write_reg:0000000000000034 $d
     /tmp/ccXoLpRg.s:238    .text.inv_icm207xx_read_reg_ois:0000000000000000 $t
     /tmp/ccXoLpRg.s:245    .text.inv_icm207xx_read_reg_ois:0000000000000000 inv_icm207xx_read_reg_ois
     /tmp/ccXoLpRg.s:317    .text.inv_icm207xx_read_reg_ois:0000000000000034 $d
     /tmp/ccXoLpRg.s:324    .text.inv_icm207xx_mems_write_reg:0000000000000000 $t
     /tmp/ccXoLpRg.s:331    .text.inv_icm207xx_mems_write_reg:0000000000000000 inv_icm207xx_mems_write_reg
     /tmp/ccXoLpRg.s:503    .text.inv_icm207xx_mems_write_reg_one:0000000000000000 $t
     /tmp/ccXoLpRg.s:510    .text.inv_icm207xx_mems_write_reg_one:0000000000000000 inv_icm207xx_mems_write_reg_one
     /tmp/ccXoLpRg.s:546    .text.inv_icm207xx_mems_read_reg:0000000000000000 $t
     /tmp/ccXoLpRg.s:553    .text.inv_icm207xx_mems_read_reg:0000000000000000 inv_icm207xx_mems_read_reg
     /tmp/ccXoLpRg.s:620    .rodata.__func__.5542:0000000000000000 $d
     /tmp/ccXoLpRg.s:624    .rodata.__func__.5542:0000000000000000 __func__.5542
     /tmp/ccXoLpRg.s:627    .rodata.__func__.5549:0000000000000000 $d
     /tmp/ccXoLpRg.s:631    .rodata.__func__.5549:0000000000000000 __func__.5549
     /tmp/ccXoLpRg.s:634    .rodata.inv_icm207xx_read_reg.str1.4:0000000000000000 $d

UNDEFINED SYMBOLS
__assert_func
inv_icm207xx_get_chip_power_state
inv_icm207xx_set_chip_power_state
