ARM GAS  /tmp/ccEmJyoV.s 			page 1


   1              		.cpu cortex-m4
   2              		.eabi_attribute 27, 1
   3              		.eabi_attribute 28, 1
   4              		.eabi_attribute 20, 1
   5              		.eabi_attribute 21, 1
   6              		.eabi_attribute 23, 3
   7              		.eabi_attribute 24, 1
   8              		.eabi_attribute 25, 1
   9              		.eabi_attribute 26, 1
  10              		.eabi_attribute 30, 1
  11              		.eabi_attribute 34, 1
  12              		.eabi_attribute 18, 4
  13              		.file	"stm32f4xx_hal_msp.c"
  14              		.text
  15              	.Ltext0:
  16              		.cfi_sections	.debug_frame
  17              		.section	.text.HAL_MspInit,"ax",%progbits
  18              		.align	1
  19              		.global	HAL_MspInit
  20              		.syntax unified
  21              		.thumb
  22              		.thumb_func
  23              		.fpu fpv4-sp-d16
  25              	HAL_MspInit:
  26              	.LFB126:
  27              		.file 1 "Src/stm32f4xx_hal_msp.c"
   1:Src/stm32f4xx_hal_msp.c **** /**
   2:Src/stm32f4xx_hal_msp.c ****   ******************************************************************************
   3:Src/stm32f4xx_hal_msp.c ****   * File Name          : stm32f4xx_hal_msp.c
   4:Src/stm32f4xx_hal_msp.c ****   * Description        : This file provides code for the MSP Initialization 
   5:Src/stm32f4xx_hal_msp.c ****   *                      and de-Initialization codes.
   6:Src/stm32f4xx_hal_msp.c ****   ******************************************************************************
   7:Src/stm32f4xx_hal_msp.c ****   ** This notice applies to any and all portions of this file
   8:Src/stm32f4xx_hal_msp.c ****   * that are not between comment pairs USER CODE BEGIN and
   9:Src/stm32f4xx_hal_msp.c ****   * USER CODE END. Other portions of this file, whether 
  10:Src/stm32f4xx_hal_msp.c ****   * inserted by the user or by software development tools
  11:Src/stm32f4xx_hal_msp.c ****   * are owned by their respective copyright owners.
  12:Src/stm32f4xx_hal_msp.c ****   *
  13:Src/stm32f4xx_hal_msp.c ****   * COPYRIGHT(c) 2019 STMicroelectronics
  14:Src/stm32f4xx_hal_msp.c ****   *
  15:Src/stm32f4xx_hal_msp.c ****   * Redistribution and use in source and binary forms, with or without modification,
  16:Src/stm32f4xx_hal_msp.c ****   * are permitted provided that the following conditions are met:
  17:Src/stm32f4xx_hal_msp.c ****   *   1. Redistributions of source code must retain the above copyright notice,
  18:Src/stm32f4xx_hal_msp.c ****   *      this list of conditions and the following disclaimer.
  19:Src/stm32f4xx_hal_msp.c ****   *   2. Redistributions in binary form must reproduce the above copyright notice,
  20:Src/stm32f4xx_hal_msp.c ****   *      this list of conditions and the following disclaimer in the documentation
  21:Src/stm32f4xx_hal_msp.c ****   *      and/or other materials provided with the distribution.
  22:Src/stm32f4xx_hal_msp.c ****   *   3. Neither the name of STMicroelectronics nor the names of its contributors
  23:Src/stm32f4xx_hal_msp.c ****   *      may be used to endorse or promote products derived from this software
  24:Src/stm32f4xx_hal_msp.c ****   *      without specific prior written permission.
  25:Src/stm32f4xx_hal_msp.c ****   *
  26:Src/stm32f4xx_hal_msp.c ****   * THIS SOFTWARE IS PROVIDED BY THE COPYRIGHT HOLDERS AND CONTRIBUTORS "AS IS"
  27:Src/stm32f4xx_hal_msp.c ****   * AND ANY EXPRESS OR IMPLIED WARRANTIES, INCLUDING, BUT NOT LIMITED TO, THE
  28:Src/stm32f4xx_hal_msp.c ****   * IMPLIED WARRANTIES OF MERCHANTABILITY AND FITNESS FOR A PARTICULAR PURPOSE ARE
  29:Src/stm32f4xx_hal_msp.c ****   * DISCLAIMED. IN NO EVENT SHALL THE COPYRIGHT HOLDER OR CONTRIBUTORS BE LIABLE
  30:Src/stm32f4xx_hal_msp.c ****   * FOR ANY DIRECT, INDIRECT, INCIDENTAL, SPECIAL, EXEMPLARY, OR CONSEQUENTIAL
  31:Src/stm32f4xx_hal_msp.c ****   * DAMAGES (INCLUDING, BUT NOT LIMITED TO, PROCUREMENT OF SUBSTITUTE GOODS OR
ARM GAS  /tmp/ccEmJyoV.s 			page 2


  32:Src/stm32f4xx_hal_msp.c ****   * SERVICES; LOSS OF USE, DATA, OR PROFITS; OR BUSINESS INTERRUPTION) HOWEVER
  33:Src/stm32f4xx_hal_msp.c ****   * CAUSED AND ON ANY THEORY OF LIABILITY, WHETHER IN CONTRACT, STRICT LIABILITY,
  34:Src/stm32f4xx_hal_msp.c ****   * OR TORT (INCLUDING NEGLIGENCE OR OTHERWISE) ARISING IN ANY WAY OUT OF THE USE
  35:Src/stm32f4xx_hal_msp.c ****   * OF THIS SOFTWARE, EVEN IF ADVISED OF THE POSSIBILITY OF SUCH DAMAGE.
  36:Src/stm32f4xx_hal_msp.c ****   *
  37:Src/stm32f4xx_hal_msp.c ****   ******************************************************************************
  38:Src/stm32f4xx_hal_msp.c ****   */
  39:Src/stm32f4xx_hal_msp.c **** /* Includes ------------------------------------------------------------------*/
  40:Src/stm32f4xx_hal_msp.c **** #include "stm32f4xx_hal.h"
  41:Src/stm32f4xx_hal_msp.c **** 
  42:Src/stm32f4xx_hal_msp.c **** extern void _Error_Handler(char *, int);
  43:Src/stm32f4xx_hal_msp.c **** /* USER CODE BEGIN 0 */
  44:Src/stm32f4xx_hal_msp.c **** 
  45:Src/stm32f4xx_hal_msp.c **** /* USER CODE END 0 */
  46:Src/stm32f4xx_hal_msp.c **** /**
  47:Src/stm32f4xx_hal_msp.c ****   * Initializes the Global MSP.
  48:Src/stm32f4xx_hal_msp.c ****   */
  49:Src/stm32f4xx_hal_msp.c **** void HAL_MspInit(void)
  50:Src/stm32f4xx_hal_msp.c **** {
  28              		.loc 1 50 0
  29              		.cfi_startproc
  30              		@ args = 0, pretend = 0, frame = 8
  31              		@ frame_needed = 0, uses_anonymous_args = 0
  32 0000 10B5     		push	{r4, lr}
  33              	.LCFI0:
  34              		.cfi_def_cfa_offset 8
  35              		.cfi_offset 4, -8
  36              		.cfi_offset 14, -4
  37 0002 82B0     		sub	sp, sp, #8
  38              	.LCFI1:
  39              		.cfi_def_cfa_offset 16
  40              	.LBB2:
  51:Src/stm32f4xx_hal_msp.c ****   /* USER CODE BEGIN MspInit 0 */
  52:Src/stm32f4xx_hal_msp.c **** 
  53:Src/stm32f4xx_hal_msp.c ****   /* USER CODE END MspInit 0 */
  54:Src/stm32f4xx_hal_msp.c **** 
  55:Src/stm32f4xx_hal_msp.c ****   __HAL_RCC_SYSCFG_CLK_ENABLE();
  41              		.loc 1 55 0
  42 0004 0024     		movs	r4, #0
  43 0006 0094     		str	r4, [sp]
  44 0008 214B     		ldr	r3, .L3
  45 000a 5A6C     		ldr	r2, [r3, #68]
  46 000c 42F48042 		orr	r2, r2, #16384
  47 0010 5A64     		str	r2, [r3, #68]
  48 0012 5A6C     		ldr	r2, [r3, #68]
  49 0014 02F48042 		and	r2, r2, #16384
  50 0018 0092     		str	r2, [sp]
  51 001a 009A     		ldr	r2, [sp]
  52              	.LBE2:
  53              	.LBB3:
  56:Src/stm32f4xx_hal_msp.c ****   __HAL_RCC_PWR_CLK_ENABLE();
  54              		.loc 1 56 0
  55 001c 0194     		str	r4, [sp, #4]
  56 001e 1A6C     		ldr	r2, [r3, #64]
  57 0020 42F08052 		orr	r2, r2, #268435456
  58 0024 1A64     		str	r2, [r3, #64]
  59 0026 1B6C     		ldr	r3, [r3, #64]
ARM GAS  /tmp/ccEmJyoV.s 			page 3


  60 0028 03F08053 		and	r3, r3, #268435456
  61 002c 0193     		str	r3, [sp, #4]
  62 002e 019B     		ldr	r3, [sp, #4]
  63              	.LBE3:
  57:Src/stm32f4xx_hal_msp.c **** 
  58:Src/stm32f4xx_hal_msp.c ****   HAL_NVIC_SetPriorityGrouping(NVIC_PRIORITYGROUP_4);
  64              		.loc 1 58 0
  65 0030 0320     		movs	r0, #3
  66 0032 FFF7FEFF 		bl	HAL_NVIC_SetPriorityGrouping
  67              	.LVL0:
  59:Src/stm32f4xx_hal_msp.c **** 
  60:Src/stm32f4xx_hal_msp.c ****   /* System interrupt init*/
  61:Src/stm32f4xx_hal_msp.c ****   /* MemoryManagement_IRQn interrupt configuration */
  62:Src/stm32f4xx_hal_msp.c ****   HAL_NVIC_SetPriority(MemoryManagement_IRQn, 0, 0);
  68              		.loc 1 62 0
  69 0036 2246     		mov	r2, r4
  70 0038 2146     		mov	r1, r4
  71 003a 6FF00B00 		mvn	r0, #11
  72 003e FFF7FEFF 		bl	HAL_NVIC_SetPriority
  73              	.LVL1:
  63:Src/stm32f4xx_hal_msp.c ****   /* BusFault_IRQn interrupt configuration */
  64:Src/stm32f4xx_hal_msp.c ****   HAL_NVIC_SetPriority(BusFault_IRQn, 0, 0);
  74              		.loc 1 64 0
  75 0042 2246     		mov	r2, r4
  76 0044 2146     		mov	r1, r4
  77 0046 6FF00A00 		mvn	r0, #10
  78 004a FFF7FEFF 		bl	HAL_NVIC_SetPriority
  79              	.LVL2:
  65:Src/stm32f4xx_hal_msp.c ****   /* UsageFault_IRQn interrupt configuration */
  66:Src/stm32f4xx_hal_msp.c ****   HAL_NVIC_SetPriority(UsageFault_IRQn, 0, 0);
  80              		.loc 1 66 0
  81 004e 2246     		mov	r2, r4
  82 0050 2146     		mov	r1, r4
  83 0052 6FF00900 		mvn	r0, #9
  84 0056 FFF7FEFF 		bl	HAL_NVIC_SetPriority
  85              	.LVL3:
  67:Src/stm32f4xx_hal_msp.c ****   /* SVCall_IRQn interrupt configuration */
  68:Src/stm32f4xx_hal_msp.c ****   HAL_NVIC_SetPriority(SVCall_IRQn, 0, 0);
  86              		.loc 1 68 0
  87 005a 2246     		mov	r2, r4
  88 005c 2146     		mov	r1, r4
  89 005e 6FF00400 		mvn	r0, #4
  90 0062 FFF7FEFF 		bl	HAL_NVIC_SetPriority
  91              	.LVL4:
  69:Src/stm32f4xx_hal_msp.c ****   /* DebugMonitor_IRQn interrupt configuration */
  70:Src/stm32f4xx_hal_msp.c ****   HAL_NVIC_SetPriority(DebugMonitor_IRQn, 0, 0);
  92              		.loc 1 70 0
  93 0066 2246     		mov	r2, r4
  94 0068 2146     		mov	r1, r4
  95 006a 6FF00300 		mvn	r0, #3
  96 006e FFF7FEFF 		bl	HAL_NVIC_SetPriority
  97              	.LVL5:
  71:Src/stm32f4xx_hal_msp.c ****   /* PendSV_IRQn interrupt configuration */
  72:Src/stm32f4xx_hal_msp.c ****   HAL_NVIC_SetPriority(PendSV_IRQn, 0, 0);
  98              		.loc 1 72 0
  99 0072 2246     		mov	r2, r4
 100 0074 2146     		mov	r1, r4
ARM GAS  /tmp/ccEmJyoV.s 			page 4


 101 0076 6FF00100 		mvn	r0, #1
 102 007a FFF7FEFF 		bl	HAL_NVIC_SetPriority
 103              	.LVL6:
  73:Src/stm32f4xx_hal_msp.c ****   /* SysTick_IRQn interrupt configuration */
  74:Src/stm32f4xx_hal_msp.c ****   HAL_NVIC_SetPriority(SysTick_IRQn, 0, 0);
 104              		.loc 1 74 0
 105 007e 2246     		mov	r2, r4
 106 0080 2146     		mov	r1, r4
 107 0082 4FF0FF30 		mov	r0, #-1
 108 0086 FFF7FEFF 		bl	HAL_NVIC_SetPriority
 109              	.LVL7:
  75:Src/stm32f4xx_hal_msp.c **** 
  76:Src/stm32f4xx_hal_msp.c ****   /* USER CODE BEGIN MspInit 1 */
  77:Src/stm32f4xx_hal_msp.c **** 
  78:Src/stm32f4xx_hal_msp.c ****   /* USER CODE END MspInit 1 */
  79:Src/stm32f4xx_hal_msp.c **** }
 110              		.loc 1 79 0
 111 008a 02B0     		add	sp, sp, #8
 112              	.LCFI2:
 113              		.cfi_def_cfa_offset 8
 114              		@ sp needed
 115 008c 10BD     		pop	{r4, pc}
 116              	.L4:
 117 008e 00BF     		.align	2
 118              	.L3:
 119 0090 00380240 		.word	1073887232
 120              		.cfi_endproc
 121              	.LFE126:
 123              		.section	.text.HAL_SPI_MspInit,"ax",%progbits
 124              		.align	1
 125              		.global	HAL_SPI_MspInit
 126              		.syntax unified
 127              		.thumb
 128              		.thumb_func
 129              		.fpu fpv4-sp-d16
 131              	HAL_SPI_MspInit:
 132              	.LFB127:
  80:Src/stm32f4xx_hal_msp.c **** 
  81:Src/stm32f4xx_hal_msp.c **** void HAL_SPI_MspInit(SPI_HandleTypeDef* hspi)
  82:Src/stm32f4xx_hal_msp.c **** {
 133              		.loc 1 82 0
 134              		.cfi_startproc
 135              		@ args = 0, pretend = 0, frame = 32
 136              		@ frame_needed = 0, uses_anonymous_args = 0
 137              	.LVL8:
 138 0000 F0B5     		push	{r4, r5, r6, r7, lr}
 139              	.LCFI3:
 140              		.cfi_def_cfa_offset 20
 141              		.cfi_offset 4, -20
 142              		.cfi_offset 5, -16
 143              		.cfi_offset 6, -12
 144              		.cfi_offset 7, -8
 145              		.cfi_offset 14, -4
 146 0002 89B0     		sub	sp, sp, #36
 147              	.LCFI4:
 148              		.cfi_def_cfa_offset 56
  83:Src/stm32f4xx_hal_msp.c **** 
ARM GAS  /tmp/ccEmJyoV.s 			page 5


  84:Src/stm32f4xx_hal_msp.c ****   GPIO_InitTypeDef GPIO_InitStruct;
  85:Src/stm32f4xx_hal_msp.c ****   if(hspi->Instance==SPI1)
 149              		.loc 1 85 0
 150 0004 0368     		ldr	r3, [r0]
 151 0006 244A     		ldr	r2, .L11
 152 0008 9342     		cmp	r3, r2
 153 000a 04D0     		beq	.L9
  86:Src/stm32f4xx_hal_msp.c ****   {
  87:Src/stm32f4xx_hal_msp.c ****   /* USER CODE BEGIN SPI1_MspInit 0 */
  88:Src/stm32f4xx_hal_msp.c **** 
  89:Src/stm32f4xx_hal_msp.c ****   /* USER CODE END SPI1_MspInit 0 */
  90:Src/stm32f4xx_hal_msp.c ****     /* Peripheral clock enable */
  91:Src/stm32f4xx_hal_msp.c ****     __HAL_RCC_SPI1_CLK_ENABLE();
  92:Src/stm32f4xx_hal_msp.c ****   
  93:Src/stm32f4xx_hal_msp.c ****     /**SPI1 GPIO Configuration    
  94:Src/stm32f4xx_hal_msp.c ****     PA5     ------> SPI1_SCK
  95:Src/stm32f4xx_hal_msp.c ****     PA6     ------> SPI1_MISO
  96:Src/stm32f4xx_hal_msp.c ****     PA7     ------> SPI1_MOSI 
  97:Src/stm32f4xx_hal_msp.c ****     */
  98:Src/stm32f4xx_hal_msp.c ****     GPIO_InitStruct.Pin = GPIO_PIN_5|GPIO_PIN_6|GPIO_PIN_7;
  99:Src/stm32f4xx_hal_msp.c ****     GPIO_InitStruct.Mode = GPIO_MODE_AF_PP;
 100:Src/stm32f4xx_hal_msp.c ****     GPIO_InitStruct.Pull = GPIO_NOPULL;
 101:Src/stm32f4xx_hal_msp.c ****     GPIO_InitStruct.Speed = GPIO_SPEED_FREQ_VERY_HIGH;
 102:Src/stm32f4xx_hal_msp.c ****     GPIO_InitStruct.Alternate = GPIO_AF5_SPI1;
 103:Src/stm32f4xx_hal_msp.c ****     HAL_GPIO_Init(GPIOA, &GPIO_InitStruct);
 104:Src/stm32f4xx_hal_msp.c **** 
 105:Src/stm32f4xx_hal_msp.c ****   /* USER CODE BEGIN SPI1_MspInit 1 */
 106:Src/stm32f4xx_hal_msp.c **** 
 107:Src/stm32f4xx_hal_msp.c ****   /* USER CODE END SPI1_MspInit 1 */
 108:Src/stm32f4xx_hal_msp.c ****   }
 109:Src/stm32f4xx_hal_msp.c ****   else if(hspi->Instance==SPI2)
 154              		.loc 1 109 0
 155 000c 234A     		ldr	r2, .L11+4
 156 000e 9342     		cmp	r3, r2
 157 0010 1BD0     		beq	.L10
 158              	.LVL9:
 159              	.L5:
 110:Src/stm32f4xx_hal_msp.c ****   {
 111:Src/stm32f4xx_hal_msp.c ****   /* USER CODE BEGIN SPI2_MspInit 0 */
 112:Src/stm32f4xx_hal_msp.c **** 
 113:Src/stm32f4xx_hal_msp.c ****   /* USER CODE END SPI2_MspInit 0 */
 114:Src/stm32f4xx_hal_msp.c ****     /* Peripheral clock enable */
 115:Src/stm32f4xx_hal_msp.c ****     __HAL_RCC_SPI2_CLK_ENABLE();
 116:Src/stm32f4xx_hal_msp.c ****   
 117:Src/stm32f4xx_hal_msp.c ****     /**SPI2 GPIO Configuration    
 118:Src/stm32f4xx_hal_msp.c ****     PC2     ------> SPI2_MISO
 119:Src/stm32f4xx_hal_msp.c ****     PC3     ------> SPI2_MOSI
 120:Src/stm32f4xx_hal_msp.c ****     PB10     ------> SPI2_SCK 
 121:Src/stm32f4xx_hal_msp.c ****     */
 122:Src/stm32f4xx_hal_msp.c ****     GPIO_InitStruct.Pin = GPIO_PIN_2|GPIO_PIN_3;
 123:Src/stm32f4xx_hal_msp.c ****     GPIO_InitStruct.Mode = GPIO_MODE_AF_PP;
 124:Src/stm32f4xx_hal_msp.c ****     GPIO_InitStruct.Pull = GPIO_NOPULL;
 125:Src/stm32f4xx_hal_msp.c ****     GPIO_InitStruct.Speed = GPIO_SPEED_FREQ_VERY_HIGH;
 126:Src/stm32f4xx_hal_msp.c ****     GPIO_InitStruct.Alternate = GPIO_AF5_SPI2;
 127:Src/stm32f4xx_hal_msp.c ****     HAL_GPIO_Init(GPIOC, &GPIO_InitStruct);
 128:Src/stm32f4xx_hal_msp.c **** 
 129:Src/stm32f4xx_hal_msp.c ****     GPIO_InitStruct.Pin = GPIO_PIN_10;
ARM GAS  /tmp/ccEmJyoV.s 			page 6


 130:Src/stm32f4xx_hal_msp.c ****     GPIO_InitStruct.Mode = GPIO_MODE_AF_PP;
 131:Src/stm32f4xx_hal_msp.c ****     GPIO_InitStruct.Pull = GPIO_NOPULL;
 132:Src/stm32f4xx_hal_msp.c ****     GPIO_InitStruct.Speed = GPIO_SPEED_FREQ_VERY_HIGH;
 133:Src/stm32f4xx_hal_msp.c ****     GPIO_InitStruct.Alternate = GPIO_AF5_SPI2;
 134:Src/stm32f4xx_hal_msp.c ****     HAL_GPIO_Init(GPIOB, &GPIO_InitStruct);
 135:Src/stm32f4xx_hal_msp.c **** 
 136:Src/stm32f4xx_hal_msp.c ****   /* USER CODE BEGIN SPI2_MspInit 1 */
 137:Src/stm32f4xx_hal_msp.c **** 
 138:Src/stm32f4xx_hal_msp.c ****   /* USER CODE END SPI2_MspInit 1 */
 139:Src/stm32f4xx_hal_msp.c ****   }
 140:Src/stm32f4xx_hal_msp.c **** 
 141:Src/stm32f4xx_hal_msp.c **** }
 160              		.loc 1 141 0
 161 0012 09B0     		add	sp, sp, #36
 162              	.LCFI5:
 163              		.cfi_remember_state
 164              		.cfi_def_cfa_offset 20
 165              		@ sp needed
 166 0014 F0BD     		pop	{r4, r5, r6, r7, pc}
 167              	.LVL10:
 168              	.L9:
 169              	.LCFI6:
 170              		.cfi_restore_state
 171              	.LBB4:
  91:Src/stm32f4xx_hal_msp.c ****   
 172              		.loc 1 91 0
 173 0016 0021     		movs	r1, #0
 174 0018 0191     		str	r1, [sp, #4]
 175 001a 214B     		ldr	r3, .L11+8
 176 001c 5A6C     		ldr	r2, [r3, #68]
 177 001e 42F48052 		orr	r2, r2, #4096
 178 0022 5A64     		str	r2, [r3, #68]
 179 0024 5B6C     		ldr	r3, [r3, #68]
 180 0026 03F48053 		and	r3, r3, #4096
 181 002a 0193     		str	r3, [sp, #4]
 182 002c 019B     		ldr	r3, [sp, #4]
 183              	.LBE4:
  98:Src/stm32f4xx_hal_msp.c ****     GPIO_InitStruct.Mode = GPIO_MODE_AF_PP;
 184              		.loc 1 98 0
 185 002e E023     		movs	r3, #224
 186 0030 0393     		str	r3, [sp, #12]
  99:Src/stm32f4xx_hal_msp.c ****     GPIO_InitStruct.Pull = GPIO_NOPULL;
 187              		.loc 1 99 0
 188 0032 0223     		movs	r3, #2
 189 0034 0493     		str	r3, [sp, #16]
 100:Src/stm32f4xx_hal_msp.c ****     GPIO_InitStruct.Speed = GPIO_SPEED_FREQ_VERY_HIGH;
 190              		.loc 1 100 0
 191 0036 0591     		str	r1, [sp, #20]
 101:Src/stm32f4xx_hal_msp.c ****     GPIO_InitStruct.Alternate = GPIO_AF5_SPI1;
 192              		.loc 1 101 0
 193 0038 0323     		movs	r3, #3
 194 003a 0693     		str	r3, [sp, #24]
 102:Src/stm32f4xx_hal_msp.c ****     HAL_GPIO_Init(GPIOA, &GPIO_InitStruct);
 195              		.loc 1 102 0
 196 003c 0523     		movs	r3, #5
 197 003e 0793     		str	r3, [sp, #28]
 103:Src/stm32f4xx_hal_msp.c **** 
ARM GAS  /tmp/ccEmJyoV.s 			page 7


 198              		.loc 1 103 0
 199 0040 03A9     		add	r1, sp, #12
 200 0042 1848     		ldr	r0, .L11+12
 201              	.LVL11:
 202 0044 FFF7FEFF 		bl	HAL_GPIO_Init
 203              	.LVL12:
 204 0048 E3E7     		b	.L5
 205              	.LVL13:
 206              	.L10:
 207              	.LBB5:
 115:Src/stm32f4xx_hal_msp.c ****   
 208              		.loc 1 115 0
 209 004a 0024     		movs	r4, #0
 210 004c 0294     		str	r4, [sp, #8]
 211 004e 144B     		ldr	r3, .L11+8
 212 0050 1A6C     		ldr	r2, [r3, #64]
 213 0052 42F48042 		orr	r2, r2, #16384
 214 0056 1A64     		str	r2, [r3, #64]
 215 0058 1B6C     		ldr	r3, [r3, #64]
 216 005a 03F48043 		and	r3, r3, #16384
 217 005e 0293     		str	r3, [sp, #8]
 218 0060 029B     		ldr	r3, [sp, #8]
 219              	.LBE5:
 122:Src/stm32f4xx_hal_msp.c ****     GPIO_InitStruct.Mode = GPIO_MODE_AF_PP;
 220              		.loc 1 122 0
 221 0062 0C23     		movs	r3, #12
 222 0064 0393     		str	r3, [sp, #12]
 123:Src/stm32f4xx_hal_msp.c ****     GPIO_InitStruct.Pull = GPIO_NOPULL;
 223              		.loc 1 123 0
 224 0066 0227     		movs	r7, #2
 225 0068 0497     		str	r7, [sp, #16]
 124:Src/stm32f4xx_hal_msp.c ****     GPIO_InitStruct.Speed = GPIO_SPEED_FREQ_VERY_HIGH;
 226              		.loc 1 124 0
 227 006a 0594     		str	r4, [sp, #20]
 125:Src/stm32f4xx_hal_msp.c ****     GPIO_InitStruct.Alternate = GPIO_AF5_SPI2;
 228              		.loc 1 125 0
 229 006c 0326     		movs	r6, #3
 230 006e 0696     		str	r6, [sp, #24]
 126:Src/stm32f4xx_hal_msp.c ****     HAL_GPIO_Init(GPIOC, &GPIO_InitStruct);
 231              		.loc 1 126 0
 232 0070 0525     		movs	r5, #5
 233 0072 0795     		str	r5, [sp, #28]
 127:Src/stm32f4xx_hal_msp.c **** 
 234              		.loc 1 127 0
 235 0074 0DEB0301 		add	r1, sp, r3
 236 0078 0B48     		ldr	r0, .L11+16
 237              	.LVL14:
 238 007a FFF7FEFF 		bl	HAL_GPIO_Init
 239              	.LVL15:
 129:Src/stm32f4xx_hal_msp.c ****     GPIO_InitStruct.Mode = GPIO_MODE_AF_PP;
 240              		.loc 1 129 0
 241 007e 4FF48063 		mov	r3, #1024
 242 0082 0393     		str	r3, [sp, #12]
 130:Src/stm32f4xx_hal_msp.c ****     GPIO_InitStruct.Pull = GPIO_NOPULL;
 243              		.loc 1 130 0
 244 0084 0497     		str	r7, [sp, #16]
 131:Src/stm32f4xx_hal_msp.c ****     GPIO_InitStruct.Speed = GPIO_SPEED_FREQ_VERY_HIGH;
ARM GAS  /tmp/ccEmJyoV.s 			page 8


 245              		.loc 1 131 0
 246 0086 0594     		str	r4, [sp, #20]
 132:Src/stm32f4xx_hal_msp.c ****     GPIO_InitStruct.Alternate = GPIO_AF5_SPI2;
 247              		.loc 1 132 0
 248 0088 0696     		str	r6, [sp, #24]
 133:Src/stm32f4xx_hal_msp.c ****     HAL_GPIO_Init(GPIOB, &GPIO_InitStruct);
 249              		.loc 1 133 0
 250 008a 0795     		str	r5, [sp, #28]
 134:Src/stm32f4xx_hal_msp.c **** 
 251              		.loc 1 134 0
 252 008c 03A9     		add	r1, sp, #12
 253 008e 0748     		ldr	r0, .L11+20
 254 0090 FFF7FEFF 		bl	HAL_GPIO_Init
 255              	.LVL16:
 256              		.loc 1 141 0
 257 0094 BDE7     		b	.L5
 258              	.L12:
 259 0096 00BF     		.align	2
 260              	.L11:
 261 0098 00300140 		.word	1073819648
 262 009c 00380040 		.word	1073756160
 263 00a0 00380240 		.word	1073887232
 264 00a4 00000240 		.word	1073872896
 265 00a8 00080240 		.word	1073874944
 266 00ac 00040240 		.word	1073873920
 267              		.cfi_endproc
 268              	.LFE127:
 270              		.section	.text.HAL_SPI_MspDeInit,"ax",%progbits
 271              		.align	1
 272              		.global	HAL_SPI_MspDeInit
 273              		.syntax unified
 274              		.thumb
 275              		.thumb_func
 276              		.fpu fpv4-sp-d16
 278              	HAL_SPI_MspDeInit:
 279              	.LFB128:
 142:Src/stm32f4xx_hal_msp.c **** 
 143:Src/stm32f4xx_hal_msp.c **** void HAL_SPI_MspDeInit(SPI_HandleTypeDef* hspi)
 144:Src/stm32f4xx_hal_msp.c **** {
 280              		.loc 1 144 0
 281              		.cfi_startproc
 282              		@ args = 0, pretend = 0, frame = 0
 283              		@ frame_needed = 0, uses_anonymous_args = 0
 284              	.LVL17:
 285 0000 08B5     		push	{r3, lr}
 286              	.LCFI7:
 287              		.cfi_def_cfa_offset 8
 288              		.cfi_offset 3, -8
 289              		.cfi_offset 14, -4
 145:Src/stm32f4xx_hal_msp.c **** 
 146:Src/stm32f4xx_hal_msp.c ****   if(hspi->Instance==SPI1)
 290              		.loc 1 146 0
 291 0002 0368     		ldr	r3, [r0]
 292 0004 104A     		ldr	r2, .L19
 293 0006 9342     		cmp	r3, r2
 294 0008 03D0     		beq	.L17
 147:Src/stm32f4xx_hal_msp.c ****   {
ARM GAS  /tmp/ccEmJyoV.s 			page 9


 148:Src/stm32f4xx_hal_msp.c ****   /* USER CODE BEGIN SPI1_MspDeInit 0 */
 149:Src/stm32f4xx_hal_msp.c **** 
 150:Src/stm32f4xx_hal_msp.c ****   /* USER CODE END SPI1_MspDeInit 0 */
 151:Src/stm32f4xx_hal_msp.c ****     /* Peripheral clock disable */
 152:Src/stm32f4xx_hal_msp.c ****     __HAL_RCC_SPI1_CLK_DISABLE();
 153:Src/stm32f4xx_hal_msp.c ****   
 154:Src/stm32f4xx_hal_msp.c ****     /**SPI1 GPIO Configuration    
 155:Src/stm32f4xx_hal_msp.c ****     PA5     ------> SPI1_SCK
 156:Src/stm32f4xx_hal_msp.c ****     PA6     ------> SPI1_MISO
 157:Src/stm32f4xx_hal_msp.c ****     PA7     ------> SPI1_MOSI 
 158:Src/stm32f4xx_hal_msp.c ****     */
 159:Src/stm32f4xx_hal_msp.c ****     HAL_GPIO_DeInit(GPIOA, GPIO_PIN_5|GPIO_PIN_6|GPIO_PIN_7);
 160:Src/stm32f4xx_hal_msp.c **** 
 161:Src/stm32f4xx_hal_msp.c ****   /* USER CODE BEGIN SPI1_MspDeInit 1 */
 162:Src/stm32f4xx_hal_msp.c **** 
 163:Src/stm32f4xx_hal_msp.c ****   /* USER CODE END SPI1_MspDeInit 1 */
 164:Src/stm32f4xx_hal_msp.c ****   }
 165:Src/stm32f4xx_hal_msp.c ****   else if(hspi->Instance==SPI2)
 295              		.loc 1 165 0
 296 000a 104A     		ldr	r2, .L19+4
 297 000c 9342     		cmp	r3, r2
 298 000e 0BD0     		beq	.L18
 299              	.LVL18:
 300              	.L13:
 166:Src/stm32f4xx_hal_msp.c ****   {
 167:Src/stm32f4xx_hal_msp.c ****   /* USER CODE BEGIN SPI2_MspDeInit 0 */
 168:Src/stm32f4xx_hal_msp.c **** 
 169:Src/stm32f4xx_hal_msp.c ****   /* USER CODE END SPI2_MspDeInit 0 */
 170:Src/stm32f4xx_hal_msp.c ****     /* Peripheral clock disable */
 171:Src/stm32f4xx_hal_msp.c ****     __HAL_RCC_SPI2_CLK_DISABLE();
 172:Src/stm32f4xx_hal_msp.c ****   
 173:Src/stm32f4xx_hal_msp.c ****     /**SPI2 GPIO Configuration    
 174:Src/stm32f4xx_hal_msp.c ****     PC2     ------> SPI2_MISO
 175:Src/stm32f4xx_hal_msp.c ****     PC3     ------> SPI2_MOSI
 176:Src/stm32f4xx_hal_msp.c ****     PB10     ------> SPI2_SCK 
 177:Src/stm32f4xx_hal_msp.c ****     */
 178:Src/stm32f4xx_hal_msp.c ****     HAL_GPIO_DeInit(GPIOC, GPIO_PIN_2|GPIO_PIN_3);
 179:Src/stm32f4xx_hal_msp.c **** 
 180:Src/stm32f4xx_hal_msp.c ****     HAL_GPIO_DeInit(GPIOB, GPIO_PIN_10);
 181:Src/stm32f4xx_hal_msp.c **** 
 182:Src/stm32f4xx_hal_msp.c ****   /* USER CODE BEGIN SPI2_MspDeInit 1 */
 183:Src/stm32f4xx_hal_msp.c **** 
 184:Src/stm32f4xx_hal_msp.c ****   /* USER CODE END SPI2_MspDeInit 1 */
 185:Src/stm32f4xx_hal_msp.c ****   }
 186:Src/stm32f4xx_hal_msp.c **** 
 187:Src/stm32f4xx_hal_msp.c **** }
 301              		.loc 1 187 0
 302 0010 08BD     		pop	{r3, pc}
 303              	.LVL19:
 304              	.L17:
 152:Src/stm32f4xx_hal_msp.c ****   
 305              		.loc 1 152 0
 306 0012 02F58432 		add	r2, r2, #67584
 307 0016 536C     		ldr	r3, [r2, #68]
 308 0018 23F48053 		bic	r3, r3, #4096
 309 001c 5364     		str	r3, [r2, #68]
 159:Src/stm32f4xx_hal_msp.c **** 
ARM GAS  /tmp/ccEmJyoV.s 			page 10


 310              		.loc 1 159 0
 311 001e E021     		movs	r1, #224
 312 0020 0B48     		ldr	r0, .L19+8
 313              	.LVL20:
 314 0022 FFF7FEFF 		bl	HAL_GPIO_DeInit
 315              	.LVL21:
 316 0026 F3E7     		b	.L13
 317              	.LVL22:
 318              	.L18:
 171:Src/stm32f4xx_hal_msp.c ****   
 319              		.loc 1 171 0
 320 0028 02F50032 		add	r2, r2, #131072
 321 002c 136C     		ldr	r3, [r2, #64]
 322 002e 23F48043 		bic	r3, r3, #16384
 323 0032 1364     		str	r3, [r2, #64]
 178:Src/stm32f4xx_hal_msp.c **** 
 324              		.loc 1 178 0
 325 0034 0C21     		movs	r1, #12
 326 0036 0748     		ldr	r0, .L19+12
 327              	.LVL23:
 328 0038 FFF7FEFF 		bl	HAL_GPIO_DeInit
 329              	.LVL24:
 180:Src/stm32f4xx_hal_msp.c **** 
 330              		.loc 1 180 0
 331 003c 4FF48061 		mov	r1, #1024
 332 0040 0548     		ldr	r0, .L19+16
 333 0042 FFF7FEFF 		bl	HAL_GPIO_DeInit
 334              	.LVL25:
 335              		.loc 1 187 0
 336 0046 E3E7     		b	.L13
 337              	.L20:
 338              		.align	2
 339              	.L19:
 340 0048 00300140 		.word	1073819648
 341 004c 00380040 		.word	1073756160
 342 0050 00000240 		.word	1073872896
 343 0054 00080240 		.word	1073874944
 344 0058 00040240 		.word	1073873920
 345              		.cfi_endproc
 346              	.LFE128:
 348              		.section	.text.HAL_TIM_IC_MspInit,"ax",%progbits
 349              		.align	1
 350              		.global	HAL_TIM_IC_MspInit
 351              		.syntax unified
 352              		.thumb
 353              		.thumb_func
 354              		.fpu fpv4-sp-d16
 356              	HAL_TIM_IC_MspInit:
 357              	.LFB129:
 188:Src/stm32f4xx_hal_msp.c **** 
 189:Src/stm32f4xx_hal_msp.c **** void HAL_TIM_IC_MspInit(TIM_HandleTypeDef* htim_ic)
 190:Src/stm32f4xx_hal_msp.c **** {
 358              		.loc 1 190 0
 359              		.cfi_startproc
 360              		@ args = 0, pretend = 0, frame = 24
 361              		@ frame_needed = 0, uses_anonymous_args = 0
 362              	.LVL26:
ARM GAS  /tmp/ccEmJyoV.s 			page 11


 191:Src/stm32f4xx_hal_msp.c **** 
 192:Src/stm32f4xx_hal_msp.c ****   GPIO_InitTypeDef GPIO_InitStruct;
 193:Src/stm32f4xx_hal_msp.c ****   if(htim_ic->Instance==TIM3)
 363              		.loc 1 193 0
 364 0000 0268     		ldr	r2, [r0]
 365 0002 144B     		ldr	r3, .L28
 366 0004 9A42     		cmp	r2, r3
 367 0006 00D0     		beq	.L27
 368 0008 7047     		bx	lr
 369              	.L27:
 190:Src/stm32f4xx_hal_msp.c **** 
 370              		.loc 1 190 0
 371 000a 10B5     		push	{r4, lr}
 372              	.LCFI8:
 373              		.cfi_def_cfa_offset 8
 374              		.cfi_offset 4, -8
 375              		.cfi_offset 14, -4
 376 000c 86B0     		sub	sp, sp, #24
 377              	.LCFI9:
 378              		.cfi_def_cfa_offset 32
 379              	.LBB6:
 194:Src/stm32f4xx_hal_msp.c ****   {
 195:Src/stm32f4xx_hal_msp.c ****   /* USER CODE BEGIN TIM3_MspInit 0 */
 196:Src/stm32f4xx_hal_msp.c **** 
 197:Src/stm32f4xx_hal_msp.c ****   /* USER CODE END TIM3_MspInit 0 */
 198:Src/stm32f4xx_hal_msp.c ****     /* Peripheral clock enable */
 199:Src/stm32f4xx_hal_msp.c ****     __HAL_RCC_TIM3_CLK_ENABLE();
 380              		.loc 1 199 0
 381 000e 0024     		movs	r4, #0
 382 0010 0094     		str	r4, [sp]
 383 0012 03F50D33 		add	r3, r3, #144384
 384 0016 1A6C     		ldr	r2, [r3, #64]
 385 0018 42F00202 		orr	r2, r2, #2
 386 001c 1A64     		str	r2, [r3, #64]
 387 001e 1B6C     		ldr	r3, [r3, #64]
 388 0020 03F00203 		and	r3, r3, #2
 389 0024 0093     		str	r3, [sp]
 390 0026 009B     		ldr	r3, [sp]
 391              	.LBE6:
 200:Src/stm32f4xx_hal_msp.c ****   
 201:Src/stm32f4xx_hal_msp.c ****     /**TIM3 GPIO Configuration    
 202:Src/stm32f4xx_hal_msp.c ****     PB0     ------> TIM3_CH3 
 203:Src/stm32f4xx_hal_msp.c ****     */
 204:Src/stm32f4xx_hal_msp.c ****     GPIO_InitStruct.Pin = GPIO_PIN_0;
 392              		.loc 1 204 0
 393 0028 0123     		movs	r3, #1
 394 002a 0193     		str	r3, [sp, #4]
 205:Src/stm32f4xx_hal_msp.c ****     GPIO_InitStruct.Mode = GPIO_MODE_AF_PP;
 395              		.loc 1 205 0
 396 002c 0223     		movs	r3, #2
 397 002e 0293     		str	r3, [sp, #8]
 206:Src/stm32f4xx_hal_msp.c ****     GPIO_InitStruct.Pull = GPIO_NOPULL;
 398              		.loc 1 206 0
 399 0030 0394     		str	r4, [sp, #12]
 207:Src/stm32f4xx_hal_msp.c ****     GPIO_InitStruct.Speed = GPIO_SPEED_FREQ_LOW;
 400              		.loc 1 207 0
 401 0032 0494     		str	r4, [sp, #16]
ARM GAS  /tmp/ccEmJyoV.s 			page 12


 208:Src/stm32f4xx_hal_msp.c ****     GPIO_InitStruct.Alternate = GPIO_AF2_TIM3;
 402              		.loc 1 208 0
 403 0034 0593     		str	r3, [sp, #20]
 209:Src/stm32f4xx_hal_msp.c ****     HAL_GPIO_Init(GPIOB, &GPIO_InitStruct);
 404              		.loc 1 209 0
 405 0036 01A9     		add	r1, sp, #4
 406 0038 0748     		ldr	r0, .L28+4
 407              	.LVL27:
 408 003a FFF7FEFF 		bl	HAL_GPIO_Init
 409              	.LVL28:
 210:Src/stm32f4xx_hal_msp.c **** 
 211:Src/stm32f4xx_hal_msp.c ****     /* TIM3 interrupt Init */
 212:Src/stm32f4xx_hal_msp.c ****     HAL_NVIC_SetPriority(TIM3_IRQn, 5, 0);
 410              		.loc 1 212 0
 411 003e 2246     		mov	r2, r4
 412 0040 0521     		movs	r1, #5
 413 0042 1D20     		movs	r0, #29
 414 0044 FFF7FEFF 		bl	HAL_NVIC_SetPriority
 415              	.LVL29:
 213:Src/stm32f4xx_hal_msp.c ****     HAL_NVIC_EnableIRQ(TIM3_IRQn);
 416              		.loc 1 213 0
 417 0048 1D20     		movs	r0, #29
 418 004a FFF7FEFF 		bl	HAL_NVIC_EnableIRQ
 419              	.LVL30:
 214:Src/stm32f4xx_hal_msp.c ****   /* USER CODE BEGIN TIM3_MspInit 1 */
 215:Src/stm32f4xx_hal_msp.c **** 
 216:Src/stm32f4xx_hal_msp.c ****   /* USER CODE END TIM3_MspInit 1 */
 217:Src/stm32f4xx_hal_msp.c ****   }
 218:Src/stm32f4xx_hal_msp.c **** 
 219:Src/stm32f4xx_hal_msp.c **** }
 420              		.loc 1 219 0
 421 004e 06B0     		add	sp, sp, #24
 422              	.LCFI10:
 423              		.cfi_def_cfa_offset 8
 424              		@ sp needed
 425 0050 10BD     		pop	{r4, pc}
 426              	.L29:
 427 0052 00BF     		.align	2
 428              	.L28:
 429 0054 00040040 		.word	1073742848
 430 0058 00040240 		.word	1073873920
 431              		.cfi_endproc
 432              	.LFE129:
 434              		.section	.text.HAL_TIM_IC_MspDeInit,"ax",%progbits
 435              		.align	1
 436              		.global	HAL_TIM_IC_MspDeInit
 437              		.syntax unified
 438              		.thumb
 439              		.thumb_func
 440              		.fpu fpv4-sp-d16
 442              	HAL_TIM_IC_MspDeInit:
 443              	.LFB130:
 220:Src/stm32f4xx_hal_msp.c **** 
 221:Src/stm32f4xx_hal_msp.c **** void HAL_TIM_IC_MspDeInit(TIM_HandleTypeDef* htim_ic)
 222:Src/stm32f4xx_hal_msp.c **** {
 444              		.loc 1 222 0
 445              		.cfi_startproc
ARM GAS  /tmp/ccEmJyoV.s 			page 13


 446              		@ args = 0, pretend = 0, frame = 0
 447              		@ frame_needed = 0, uses_anonymous_args = 0
 448              	.LVL31:
 449 0000 08B5     		push	{r3, lr}
 450              	.LCFI11:
 451              		.cfi_def_cfa_offset 8
 452              		.cfi_offset 3, -8
 453              		.cfi_offset 14, -4
 223:Src/stm32f4xx_hal_msp.c **** 
 224:Src/stm32f4xx_hal_msp.c ****   if(htim_ic->Instance==TIM3)
 454              		.loc 1 224 0
 455 0002 0268     		ldr	r2, [r0]
 456 0004 084B     		ldr	r3, .L34
 457 0006 9A42     		cmp	r2, r3
 458 0008 00D0     		beq	.L33
 459              	.LVL32:
 460              	.L30:
 225:Src/stm32f4xx_hal_msp.c ****   {
 226:Src/stm32f4xx_hal_msp.c ****   /* USER CODE BEGIN TIM3_MspDeInit 0 */
 227:Src/stm32f4xx_hal_msp.c **** 
 228:Src/stm32f4xx_hal_msp.c ****   /* USER CODE END TIM3_MspDeInit 0 */
 229:Src/stm32f4xx_hal_msp.c ****     /* Peripheral clock disable */
 230:Src/stm32f4xx_hal_msp.c ****     __HAL_RCC_TIM3_CLK_DISABLE();
 231:Src/stm32f4xx_hal_msp.c ****   
 232:Src/stm32f4xx_hal_msp.c ****     /**TIM3 GPIO Configuration    
 233:Src/stm32f4xx_hal_msp.c ****     PB0     ------> TIM3_CH3 
 234:Src/stm32f4xx_hal_msp.c ****     */
 235:Src/stm32f4xx_hal_msp.c ****     HAL_GPIO_DeInit(GPIOB, GPIO_PIN_0);
 236:Src/stm32f4xx_hal_msp.c **** 
 237:Src/stm32f4xx_hal_msp.c ****     /* TIM3 interrupt DeInit */
 238:Src/stm32f4xx_hal_msp.c ****     HAL_NVIC_DisableIRQ(TIM3_IRQn);
 239:Src/stm32f4xx_hal_msp.c ****   /* USER CODE BEGIN TIM3_MspDeInit 1 */
 240:Src/stm32f4xx_hal_msp.c **** 
 241:Src/stm32f4xx_hal_msp.c ****   /* USER CODE END TIM3_MspDeInit 1 */
 242:Src/stm32f4xx_hal_msp.c ****   }
 243:Src/stm32f4xx_hal_msp.c **** 
 244:Src/stm32f4xx_hal_msp.c **** }
 461              		.loc 1 244 0
 462 000a 08BD     		pop	{r3, pc}
 463              	.LVL33:
 464              	.L33:
 230:Src/stm32f4xx_hal_msp.c ****   
 465              		.loc 1 230 0
 466 000c 074A     		ldr	r2, .L34+4
 467 000e 136C     		ldr	r3, [r2, #64]
 468 0010 23F00203 		bic	r3, r3, #2
 469 0014 1364     		str	r3, [r2, #64]
 235:Src/stm32f4xx_hal_msp.c **** 
 470              		.loc 1 235 0
 471 0016 0121     		movs	r1, #1
 472 0018 0548     		ldr	r0, .L34+8
 473              	.LVL34:
 474 001a FFF7FEFF 		bl	HAL_GPIO_DeInit
 475              	.LVL35:
 238:Src/stm32f4xx_hal_msp.c ****   /* USER CODE BEGIN TIM3_MspDeInit 1 */
 476              		.loc 1 238 0
 477 001e 1D20     		movs	r0, #29
ARM GAS  /tmp/ccEmJyoV.s 			page 14


 478 0020 FFF7FEFF 		bl	HAL_NVIC_DisableIRQ
 479              	.LVL36:
 480              		.loc 1 244 0
 481 0024 F1E7     		b	.L30
 482              	.L35:
 483 0026 00BF     		.align	2
 484              	.L34:
 485 0028 00040040 		.word	1073742848
 486 002c 00380240 		.word	1073887232
 487 0030 00040240 		.word	1073873920
 488              		.cfi_endproc
 489              	.LFE130:
 491              		.section	.text.HAL_UART_MspInit,"ax",%progbits
 492              		.align	1
 493              		.global	HAL_UART_MspInit
 494              		.syntax unified
 495              		.thumb
 496              		.thumb_func
 497              		.fpu fpv4-sp-d16
 499              	HAL_UART_MspInit:
 500              	.LFB131:
 245:Src/stm32f4xx_hal_msp.c **** 
 246:Src/stm32f4xx_hal_msp.c **** void HAL_UART_MspInit(UART_HandleTypeDef* huart)
 247:Src/stm32f4xx_hal_msp.c **** {
 501              		.loc 1 247 0
 502              		.cfi_startproc
 503              		@ args = 0, pretend = 0, frame = 32
 504              		@ frame_needed = 0, uses_anonymous_args = 0
 505              	.LVL37:
 506 0000 F0B5     		push	{r4, r5, r6, r7, lr}
 507              	.LCFI12:
 508              		.cfi_def_cfa_offset 20
 509              		.cfi_offset 4, -20
 510              		.cfi_offset 5, -16
 511              		.cfi_offset 6, -12
 512              		.cfi_offset 7, -8
 513              		.cfi_offset 14, -4
 514 0002 89B0     		sub	sp, sp, #36
 515              	.LCFI13:
 516              		.cfi_def_cfa_offset 56
 248:Src/stm32f4xx_hal_msp.c **** 
 249:Src/stm32f4xx_hal_msp.c ****   GPIO_InitTypeDef GPIO_InitStruct;
 250:Src/stm32f4xx_hal_msp.c ****   if(huart->Instance==USART1)
 517              		.loc 1 250 0
 518 0004 0368     		ldr	r3, [r0]
 519 0006 244A     		ldr	r2, .L42
 520 0008 9342     		cmp	r3, r2
 521 000a 04D0     		beq	.L40
 251:Src/stm32f4xx_hal_msp.c ****   {
 252:Src/stm32f4xx_hal_msp.c ****   /* USER CODE BEGIN USART1_MspInit 0 */
 253:Src/stm32f4xx_hal_msp.c **** 
 254:Src/stm32f4xx_hal_msp.c ****   /* USER CODE END USART1_MspInit 0 */
 255:Src/stm32f4xx_hal_msp.c ****     /* Peripheral clock enable */
 256:Src/stm32f4xx_hal_msp.c ****     __HAL_RCC_USART1_CLK_ENABLE();
 257:Src/stm32f4xx_hal_msp.c ****   
 258:Src/stm32f4xx_hal_msp.c ****     /**USART1 GPIO Configuration    
 259:Src/stm32f4xx_hal_msp.c ****     PA9     ------> USART1_TX
ARM GAS  /tmp/ccEmJyoV.s 			page 15


 260:Src/stm32f4xx_hal_msp.c ****     PB3     ------> USART1_RX 
 261:Src/stm32f4xx_hal_msp.c ****     */
 262:Src/stm32f4xx_hal_msp.c ****     GPIO_InitStruct.Pin = GPIO_PIN_9;
 263:Src/stm32f4xx_hal_msp.c ****     GPIO_InitStruct.Mode = GPIO_MODE_AF_PP;
 264:Src/stm32f4xx_hal_msp.c ****     GPIO_InitStruct.Pull = GPIO_PULLUP;
 265:Src/stm32f4xx_hal_msp.c ****     GPIO_InitStruct.Speed = GPIO_SPEED_FREQ_VERY_HIGH;
 266:Src/stm32f4xx_hal_msp.c ****     GPIO_InitStruct.Alternate = GPIO_AF7_USART1;
 267:Src/stm32f4xx_hal_msp.c ****     HAL_GPIO_Init(GPIOA, &GPIO_InitStruct);
 268:Src/stm32f4xx_hal_msp.c **** 
 269:Src/stm32f4xx_hal_msp.c ****     GPIO_InitStruct.Pin = GPIO_PIN_3;
 270:Src/stm32f4xx_hal_msp.c ****     GPIO_InitStruct.Mode = GPIO_MODE_AF_PP;
 271:Src/stm32f4xx_hal_msp.c ****     GPIO_InitStruct.Pull = GPIO_PULLUP;
 272:Src/stm32f4xx_hal_msp.c ****     GPIO_InitStruct.Speed = GPIO_SPEED_FREQ_VERY_HIGH;
 273:Src/stm32f4xx_hal_msp.c ****     GPIO_InitStruct.Alternate = GPIO_AF7_USART1;
 274:Src/stm32f4xx_hal_msp.c ****     HAL_GPIO_Init(GPIOB, &GPIO_InitStruct);
 275:Src/stm32f4xx_hal_msp.c **** 
 276:Src/stm32f4xx_hal_msp.c ****   /* USER CODE BEGIN USART1_MspInit 1 */
 277:Src/stm32f4xx_hal_msp.c **** 
 278:Src/stm32f4xx_hal_msp.c ****   /* USER CODE END USART1_MspInit 1 */
 279:Src/stm32f4xx_hal_msp.c ****   }
 280:Src/stm32f4xx_hal_msp.c ****   else if(huart->Instance==USART6)
 522              		.loc 1 280 0
 523 000c 234A     		ldr	r2, .L42+4
 524 000e 9342     		cmp	r3, r2
 525 0010 27D0     		beq	.L41
 526              	.LVL38:
 527              	.L36:
 281:Src/stm32f4xx_hal_msp.c ****   {
 282:Src/stm32f4xx_hal_msp.c ****   /* USER CODE BEGIN USART6_MspInit 0 */
 283:Src/stm32f4xx_hal_msp.c **** 
 284:Src/stm32f4xx_hal_msp.c ****   /* USER CODE END USART6_MspInit 0 */
 285:Src/stm32f4xx_hal_msp.c ****     /* Peripheral clock enable */
 286:Src/stm32f4xx_hal_msp.c ****     __HAL_RCC_USART6_CLK_ENABLE();
 287:Src/stm32f4xx_hal_msp.c ****   
 288:Src/stm32f4xx_hal_msp.c ****     /**USART6 GPIO Configuration    
 289:Src/stm32f4xx_hal_msp.c ****     PC6     ------> USART6_TX
 290:Src/stm32f4xx_hal_msp.c ****     PC7     ------> USART6_RX 
 291:Src/stm32f4xx_hal_msp.c ****     */
 292:Src/stm32f4xx_hal_msp.c ****     GPIO_InitStruct.Pin = GPIO_PIN_6|GPIO_PIN_7;
 293:Src/stm32f4xx_hal_msp.c ****     GPIO_InitStruct.Mode = GPIO_MODE_AF_PP;
 294:Src/stm32f4xx_hal_msp.c ****     GPIO_InitStruct.Pull = GPIO_PULLUP;
 295:Src/stm32f4xx_hal_msp.c ****     GPIO_InitStruct.Speed = GPIO_SPEED_FREQ_VERY_HIGH;
 296:Src/stm32f4xx_hal_msp.c ****     GPIO_InitStruct.Alternate = GPIO_AF8_USART6;
 297:Src/stm32f4xx_hal_msp.c ****     HAL_GPIO_Init(GPIOC, &GPIO_InitStruct);
 298:Src/stm32f4xx_hal_msp.c **** 
 299:Src/stm32f4xx_hal_msp.c ****   /* USER CODE BEGIN USART6_MspInit 1 */
 300:Src/stm32f4xx_hal_msp.c **** 
 301:Src/stm32f4xx_hal_msp.c ****   /* USER CODE END USART6_MspInit 1 */
 302:Src/stm32f4xx_hal_msp.c ****   }
 303:Src/stm32f4xx_hal_msp.c **** 
 304:Src/stm32f4xx_hal_msp.c **** }
 528              		.loc 1 304 0
 529 0012 09B0     		add	sp, sp, #36
 530              	.LCFI14:
 531              		.cfi_remember_state
 532              		.cfi_def_cfa_offset 20
 533              		@ sp needed
ARM GAS  /tmp/ccEmJyoV.s 			page 16


 534 0014 F0BD     		pop	{r4, r5, r6, r7, pc}
 535              	.LVL39:
 536              	.L40:
 537              	.LCFI15:
 538              		.cfi_restore_state
 539              	.LBB7:
 256:Src/stm32f4xx_hal_msp.c ****   
 540              		.loc 1 256 0
 541 0016 0023     		movs	r3, #0
 542 0018 0193     		str	r3, [sp, #4]
 543 001a 214B     		ldr	r3, .L42+8
 544 001c 5A6C     		ldr	r2, [r3, #68]
 545 001e 42F01002 		orr	r2, r2, #16
 546 0022 5A64     		str	r2, [r3, #68]
 547 0024 5B6C     		ldr	r3, [r3, #68]
 548 0026 03F01003 		and	r3, r3, #16
 549 002a 0193     		str	r3, [sp, #4]
 550 002c 019B     		ldr	r3, [sp, #4]
 551              	.LBE7:
 262:Src/stm32f4xx_hal_msp.c ****     GPIO_InitStruct.Mode = GPIO_MODE_AF_PP;
 552              		.loc 1 262 0
 553 002e 4FF40073 		mov	r3, #512
 554 0032 0393     		str	r3, [sp, #12]
 263:Src/stm32f4xx_hal_msp.c ****     GPIO_InitStruct.Pull = GPIO_PULLUP;
 555              		.loc 1 263 0
 556 0034 0227     		movs	r7, #2
 557 0036 0497     		str	r7, [sp, #16]
 264:Src/stm32f4xx_hal_msp.c ****     GPIO_InitStruct.Speed = GPIO_SPEED_FREQ_VERY_HIGH;
 558              		.loc 1 264 0
 559 0038 0126     		movs	r6, #1
 560 003a 0596     		str	r6, [sp, #20]
 265:Src/stm32f4xx_hal_msp.c ****     GPIO_InitStruct.Alternate = GPIO_AF7_USART1;
 561              		.loc 1 265 0
 562 003c 0325     		movs	r5, #3
 563 003e 0695     		str	r5, [sp, #24]
 266:Src/stm32f4xx_hal_msp.c ****     HAL_GPIO_Init(GPIOA, &GPIO_InitStruct);
 564              		.loc 1 266 0
 565 0040 0724     		movs	r4, #7
 566 0042 0794     		str	r4, [sp, #28]
 267:Src/stm32f4xx_hal_msp.c **** 
 567              		.loc 1 267 0
 568 0044 03A9     		add	r1, sp, #12
 569 0046 1748     		ldr	r0, .L42+12
 570              	.LVL40:
 571 0048 FFF7FEFF 		bl	HAL_GPIO_Init
 572              	.LVL41:
 269:Src/stm32f4xx_hal_msp.c ****     GPIO_InitStruct.Mode = GPIO_MODE_AF_PP;
 573              		.loc 1 269 0
 574 004c 0823     		movs	r3, #8
 575 004e 0393     		str	r3, [sp, #12]
 270:Src/stm32f4xx_hal_msp.c ****     GPIO_InitStruct.Pull = GPIO_PULLUP;
 576              		.loc 1 270 0
 577 0050 0497     		str	r7, [sp, #16]
 271:Src/stm32f4xx_hal_msp.c ****     GPIO_InitStruct.Speed = GPIO_SPEED_FREQ_VERY_HIGH;
 578              		.loc 1 271 0
 579 0052 0596     		str	r6, [sp, #20]
 272:Src/stm32f4xx_hal_msp.c ****     GPIO_InitStruct.Alternate = GPIO_AF7_USART1;
ARM GAS  /tmp/ccEmJyoV.s 			page 17


 580              		.loc 1 272 0
 581 0054 0695     		str	r5, [sp, #24]
 273:Src/stm32f4xx_hal_msp.c ****     HAL_GPIO_Init(GPIOB, &GPIO_InitStruct);
 582              		.loc 1 273 0
 583 0056 0794     		str	r4, [sp, #28]
 274:Src/stm32f4xx_hal_msp.c **** 
 584              		.loc 1 274 0
 585 0058 03A9     		add	r1, sp, #12
 586 005a 1348     		ldr	r0, .L42+16
 587 005c FFF7FEFF 		bl	HAL_GPIO_Init
 588              	.LVL42:
 589 0060 D7E7     		b	.L36
 590              	.LVL43:
 591              	.L41:
 592              	.LBB8:
 286:Src/stm32f4xx_hal_msp.c ****   
 593              		.loc 1 286 0
 594 0062 0023     		movs	r3, #0
 595 0064 0293     		str	r3, [sp, #8]
 596 0066 0E4B     		ldr	r3, .L42+8
 597 0068 5A6C     		ldr	r2, [r3, #68]
 598 006a 42F02002 		orr	r2, r2, #32
 599 006e 5A64     		str	r2, [r3, #68]
 600 0070 5B6C     		ldr	r3, [r3, #68]
 601 0072 03F02003 		and	r3, r3, #32
 602 0076 0293     		str	r3, [sp, #8]
 603 0078 029B     		ldr	r3, [sp, #8]
 604              	.LBE8:
 292:Src/stm32f4xx_hal_msp.c ****     GPIO_InitStruct.Mode = GPIO_MODE_AF_PP;
 605              		.loc 1 292 0
 606 007a C023     		movs	r3, #192
 607 007c 0393     		str	r3, [sp, #12]
 293:Src/stm32f4xx_hal_msp.c ****     GPIO_InitStruct.Pull = GPIO_PULLUP;
 608              		.loc 1 293 0
 609 007e 0223     		movs	r3, #2
 610 0080 0493     		str	r3, [sp, #16]
 294:Src/stm32f4xx_hal_msp.c ****     GPIO_InitStruct.Speed = GPIO_SPEED_FREQ_VERY_HIGH;
 611              		.loc 1 294 0
 612 0082 0123     		movs	r3, #1
 613 0084 0593     		str	r3, [sp, #20]
 295:Src/stm32f4xx_hal_msp.c ****     GPIO_InitStruct.Alternate = GPIO_AF8_USART6;
 614              		.loc 1 295 0
 615 0086 0323     		movs	r3, #3
 616 0088 0693     		str	r3, [sp, #24]
 296:Src/stm32f4xx_hal_msp.c ****     HAL_GPIO_Init(GPIOC, &GPIO_InitStruct);
 617              		.loc 1 296 0
 618 008a 0823     		movs	r3, #8
 619 008c 0793     		str	r3, [sp, #28]
 297:Src/stm32f4xx_hal_msp.c **** 
 620              		.loc 1 297 0
 621 008e 03A9     		add	r1, sp, #12
 622 0090 0648     		ldr	r0, .L42+20
 623              	.LVL44:
 624 0092 FFF7FEFF 		bl	HAL_GPIO_Init
 625              	.LVL45:
 626              		.loc 1 304 0
 627 0096 BCE7     		b	.L36
ARM GAS  /tmp/ccEmJyoV.s 			page 18


 628              	.L43:
 629              		.align	2
 630              	.L42:
 631 0098 00100140 		.word	1073811456
 632 009c 00140140 		.word	1073812480
 633 00a0 00380240 		.word	1073887232
 634 00a4 00000240 		.word	1073872896
 635 00a8 00040240 		.word	1073873920
 636 00ac 00080240 		.word	1073874944
 637              		.cfi_endproc
 638              	.LFE131:
 640              		.section	.text.HAL_UART_MspDeInit,"ax",%progbits
 641              		.align	1
 642              		.global	HAL_UART_MspDeInit
 643              		.syntax unified
 644              		.thumb
 645              		.thumb_func
 646              		.fpu fpv4-sp-d16
 648              	HAL_UART_MspDeInit:
 649              	.LFB132:
 305:Src/stm32f4xx_hal_msp.c **** 
 306:Src/stm32f4xx_hal_msp.c **** void HAL_UART_MspDeInit(UART_HandleTypeDef* huart)
 307:Src/stm32f4xx_hal_msp.c **** {
 650              		.loc 1 307 0
 651              		.cfi_startproc
 652              		@ args = 0, pretend = 0, frame = 0
 653              		@ frame_needed = 0, uses_anonymous_args = 0
 654              	.LVL46:
 655 0000 08B5     		push	{r3, lr}
 656              	.LCFI16:
 657              		.cfi_def_cfa_offset 8
 658              		.cfi_offset 3, -8
 659              		.cfi_offset 14, -4
 308:Src/stm32f4xx_hal_msp.c **** 
 309:Src/stm32f4xx_hal_msp.c ****   if(huart->Instance==USART1)
 660              		.loc 1 309 0
 661 0002 0368     		ldr	r3, [r0]
 662 0004 104A     		ldr	r2, .L50
 663 0006 9342     		cmp	r3, r2
 664 0008 03D0     		beq	.L48
 310:Src/stm32f4xx_hal_msp.c ****   {
 311:Src/stm32f4xx_hal_msp.c ****   /* USER CODE BEGIN USART1_MspDeInit 0 */
 312:Src/stm32f4xx_hal_msp.c **** 
 313:Src/stm32f4xx_hal_msp.c ****   /* USER CODE END USART1_MspDeInit 0 */
 314:Src/stm32f4xx_hal_msp.c ****     /* Peripheral clock disable */
 315:Src/stm32f4xx_hal_msp.c ****     __HAL_RCC_USART1_CLK_DISABLE();
 316:Src/stm32f4xx_hal_msp.c ****   
 317:Src/stm32f4xx_hal_msp.c ****     /**USART1 GPIO Configuration    
 318:Src/stm32f4xx_hal_msp.c ****     PA9     ------> USART1_TX
 319:Src/stm32f4xx_hal_msp.c ****     PB3     ------> USART1_RX 
 320:Src/stm32f4xx_hal_msp.c ****     */
 321:Src/stm32f4xx_hal_msp.c ****     HAL_GPIO_DeInit(GPIOA, GPIO_PIN_9);
 322:Src/stm32f4xx_hal_msp.c **** 
 323:Src/stm32f4xx_hal_msp.c ****     HAL_GPIO_DeInit(GPIOB, GPIO_PIN_3);
 324:Src/stm32f4xx_hal_msp.c **** 
 325:Src/stm32f4xx_hal_msp.c ****   /* USER CODE BEGIN USART1_MspDeInit 1 */
 326:Src/stm32f4xx_hal_msp.c **** 
ARM GAS  /tmp/ccEmJyoV.s 			page 19


 327:Src/stm32f4xx_hal_msp.c ****   /* USER CODE END USART1_MspDeInit 1 */
 328:Src/stm32f4xx_hal_msp.c ****   }
 329:Src/stm32f4xx_hal_msp.c ****   else if(huart->Instance==USART6)
 665              		.loc 1 329 0
 666 000a 104A     		ldr	r2, .L50+4
 667 000c 9342     		cmp	r3, r2
 668 000e 10D0     		beq	.L49
 669              	.LVL47:
 670              	.L44:
 330:Src/stm32f4xx_hal_msp.c ****   {
 331:Src/stm32f4xx_hal_msp.c ****   /* USER CODE BEGIN USART6_MspDeInit 0 */
 332:Src/stm32f4xx_hal_msp.c **** 
 333:Src/stm32f4xx_hal_msp.c ****   /* USER CODE END USART6_MspDeInit 0 */
 334:Src/stm32f4xx_hal_msp.c ****     /* Peripheral clock disable */
 335:Src/stm32f4xx_hal_msp.c ****     __HAL_RCC_USART6_CLK_DISABLE();
 336:Src/stm32f4xx_hal_msp.c ****   
 337:Src/stm32f4xx_hal_msp.c ****     /**USART6 GPIO Configuration    
 338:Src/stm32f4xx_hal_msp.c ****     PC6     ------> USART6_TX
 339:Src/stm32f4xx_hal_msp.c ****     PC7     ------> USART6_RX 
 340:Src/stm32f4xx_hal_msp.c ****     */
 341:Src/stm32f4xx_hal_msp.c ****     HAL_GPIO_DeInit(GPIOC, GPIO_PIN_6|GPIO_PIN_7);
 342:Src/stm32f4xx_hal_msp.c **** 
 343:Src/stm32f4xx_hal_msp.c ****   /* USER CODE BEGIN USART6_MspDeInit 1 */
 344:Src/stm32f4xx_hal_msp.c **** 
 345:Src/stm32f4xx_hal_msp.c ****   /* USER CODE END USART6_MspDeInit 1 */
 346:Src/stm32f4xx_hal_msp.c ****   }
 347:Src/stm32f4xx_hal_msp.c **** 
 348:Src/stm32f4xx_hal_msp.c **** }
 671              		.loc 1 348 0
 672 0010 08BD     		pop	{r3, pc}
 673              	.LVL48:
 674              	.L48:
 315:Src/stm32f4xx_hal_msp.c ****   
 675              		.loc 1 315 0
 676 0012 02F59432 		add	r2, r2, #75776
 677 0016 536C     		ldr	r3, [r2, #68]
 678 0018 23F01003 		bic	r3, r3, #16
 679 001c 5364     		str	r3, [r2, #68]
 321:Src/stm32f4xx_hal_msp.c **** 
 680              		.loc 1 321 0
 681 001e 4FF40071 		mov	r1, #512
 682 0022 0B48     		ldr	r0, .L50+8
 683              	.LVL49:
 684 0024 FFF7FEFF 		bl	HAL_GPIO_DeInit
 685              	.LVL50:
 323:Src/stm32f4xx_hal_msp.c **** 
 686              		.loc 1 323 0
 687 0028 0821     		movs	r1, #8
 688 002a 0A48     		ldr	r0, .L50+12
 689 002c FFF7FEFF 		bl	HAL_GPIO_DeInit
 690              	.LVL51:
 691 0030 EEE7     		b	.L44
 692              	.LVL52:
 693              	.L49:
 335:Src/stm32f4xx_hal_msp.c ****   
 694              		.loc 1 335 0
 695 0032 02F59232 		add	r2, r2, #74752
ARM GAS  /tmp/ccEmJyoV.s 			page 20


 696 0036 536C     		ldr	r3, [r2, #68]
 697 0038 23F02003 		bic	r3, r3, #32
 698 003c 5364     		str	r3, [r2, #68]
 341:Src/stm32f4xx_hal_msp.c **** 
 699              		.loc 1 341 0
 700 003e C021     		movs	r1, #192
 701 0040 0548     		ldr	r0, .L50+16
 702              	.LVL53:
 703 0042 FFF7FEFF 		bl	HAL_GPIO_DeInit
 704              	.LVL54:
 705              		.loc 1 348 0
 706 0046 E3E7     		b	.L44
 707              	.L51:
 708              		.align	2
 709              	.L50:
 710 0048 00100140 		.word	1073811456
 711 004c 00140140 		.word	1073812480
 712 0050 00000240 		.word	1073872896
 713 0054 00040240 		.word	1073873920
 714 0058 00080240 		.word	1073874944
 715              		.cfi_endproc
 716              	.LFE132:
 718              		.text
 719              	.Letext0:
 720              		.file 2 "/mnt/NData/Softwares/gcc-arm-none-eabi-7-2018-q2-update/arm-none-eabi/include/machine/_de
 721              		.file 3 "/mnt/NData/Softwares/gcc-arm-none-eabi-7-2018-q2-update/arm-none-eabi/include/sys/_stdint
 722              		.file 4 "Drivers/CMSIS/Include/core_cm4.h"
 723              		.file 5 "Drivers/CMSIS/Device/ST/STM32F4xx/Include/system_stm32f4xx.h"
 724              		.file 6 "Drivers/CMSIS/Device/ST/STM32F4xx/Include/stm32f411xe.h"
 725              		.file 7 "/mnt/NData/Softwares/gcc-arm-none-eabi-7-2018-q2-update/arm-none-eabi/include/sys/lock.h"
 726              		.file 8 "/mnt/NData/Softwares/gcc-arm-none-eabi-7-2018-q2-update/arm-none-eabi/include/sys/_types.
 727              		.file 9 "/mnt/NData/Softwares/gcc-arm-none-eabi-7-2018-q2-update/lib/gcc/arm-none-eabi/7.3.1/inclu
 728              		.file 10 "/mnt/NData/Softwares/gcc-arm-none-eabi-7-2018-q2-update/arm-none-eabi/include/sys/reent.
 729              		.file 11 "Drivers/STM32F4xx_HAL_Driver/Inc/stm32f4xx_hal_def.h"
 730              		.file 12 "Drivers/STM32F4xx_HAL_Driver/Inc/stm32f4xx_hal_gpio.h"
 731              		.file 13 "Drivers/STM32F4xx_HAL_Driver/Inc/stm32f4xx_hal_dma.h"
 732              		.file 14 "Drivers/STM32F4xx_HAL_Driver/Inc/stm32f4xx_hal_spi.h"
 733              		.file 15 "Drivers/STM32F4xx_HAL_Driver/Inc/stm32f4xx_hal_tim.h"
 734              		.file 16 "Drivers/STM32F4xx_HAL_Driver/Inc/stm32f4xx_hal_uart.h"
 735              		.file 17 "Drivers/STM32F4xx_HAL_Driver/Inc/stm32f4xx_hal_cortex.h"
ARM GAS  /tmp/ccEmJyoV.s 			page 21


DEFINED SYMBOLS
                            *ABS*:0000000000000000 stm32f4xx_hal_msp.c
     /tmp/ccEmJyoV.s:18     .text.HAL_MspInit:0000000000000000 $t
     /tmp/ccEmJyoV.s:25     .text.HAL_MspInit:0000000000000000 HAL_MspInit
     /tmp/ccEmJyoV.s:119    .text.HAL_MspInit:0000000000000090 $d
     /tmp/ccEmJyoV.s:124    .text.HAL_SPI_MspInit:0000000000000000 $t
     /tmp/ccEmJyoV.s:131    .text.HAL_SPI_MspInit:0000000000000000 HAL_SPI_MspInit
     /tmp/ccEmJyoV.s:261    .text.HAL_SPI_MspInit:0000000000000098 $d
     /tmp/ccEmJyoV.s:271    .text.HAL_SPI_MspDeInit:0000000000000000 $t
     /tmp/ccEmJyoV.s:278    .text.HAL_SPI_MspDeInit:0000000000000000 HAL_SPI_MspDeInit
     /tmp/ccEmJyoV.s:340    .text.HAL_SPI_MspDeInit:0000000000000048 $d
     /tmp/ccEmJyoV.s:349    .text.HAL_TIM_IC_MspInit:0000000000000000 $t
     /tmp/ccEmJyoV.s:356    .text.HAL_TIM_IC_MspInit:0000000000000000 HAL_TIM_IC_MspInit
     /tmp/ccEmJyoV.s:429    .text.HAL_TIM_IC_MspInit:0000000000000054 $d
     /tmp/ccEmJyoV.s:435    .text.HAL_TIM_IC_MspDeInit:0000000000000000 $t
     /tmp/ccEmJyoV.s:442    .text.HAL_TIM_IC_MspDeInit:0000000000000000 HAL_TIM_IC_MspDeInit
     /tmp/ccEmJyoV.s:485    .text.HAL_TIM_IC_MspDeInit:0000000000000028 $d
     /tmp/ccEmJyoV.s:492    .text.HAL_UART_MspInit:0000000000000000 $t
     /tmp/ccEmJyoV.s:499    .text.HAL_UART_MspInit:0000000000000000 HAL_UART_MspInit
     /tmp/ccEmJyoV.s:631    .text.HAL_UART_MspInit:0000000000000098 $d
     /tmp/ccEmJyoV.s:641    .text.HAL_UART_MspDeInit:0000000000000000 $t
     /tmp/ccEmJyoV.s:648    .text.HAL_UART_MspDeInit:0000000000000000 HAL_UART_MspDeInit
     /tmp/ccEmJyoV.s:710    .text.HAL_UART_MspDeInit:0000000000000048 $d

UNDEFINED SYMBOLS
HAL_NVIC_SetPriorityGrouping
HAL_NVIC_SetPriority
HAL_GPIO_Init
HAL_GPIO_DeInit
HAL_NVIC_EnableIRQ
HAL_NVIC_DisableIRQ
